#
# A fatal error has been detected by the Java Runtime Environment:
#
#  EXCEPTION_ACCESS_VIOLATION (0xc0000005) at pc=0x00007ffd3b8717d0, pid=12932, tid=15048
#
# JRE version: OpenJDK Runtime Environment (11.0.2+9) (build 11.0.2+9)
# Java VM: OpenJDK 64-Bit Server VM (11.0.2+9, mixed mode, tiered, compressed oops, g1 gc, windows-amd64)
# Problematic frame:
# C  [nvoglv64.dll+0x11a17d0]
#
# No core dump will be written. Minidumps are not enabled by default on client versions of Windows
#
# If you would like to submit a bug report, please visit:
#   http://bugreport.java.com/bugreport/crash.jsp
# The crash happened outside the Java Virtual Machine in native code.
# See problematic frame for where to report the bug.
#

---------------  S U M M A R Y ------------

Command Line: -ea -agentlib:jdwp=transport=dt_shmem,address=javadebug -Dfile.encoding=UTF-8 bluej.runtime.ExecServer UTF-8

Host: Intel(R) Core(TM) i5-6600 CPU @ 3.30GHz, 4 cores, 15G,  Windows 10 , 64 bit Build 19041 (10.0.19041.804)
Time: Thu Apr  8 05:49:25 2021 Romance Summer Time elapsed time: 894 seconds (0d 0h 14m 54s)

---------------  T H R E A D  ---------------

Current thread (0x000001e200604800):  JavaThread "main" [_thread_in_native, id=15048, stack(0x000000c610300000,0x000000c610400000)]

Stack: [0x000000c610300000,0x000000c610400000],  sp=0x000000c6103fe018,  free space=1016k
Native frames: (J=compiled Java code, j=interpreted, Vv=VM code, C=native code)
C  [nvoglv64.dll+0x11a17d0]

Java frames: (J=compiled Java code, j=interpreted, Vv=VM code)
j  org.lwjgl.opengl.GL11C.nglDrawElements(IIIJ)V+0
j  org.lwjgl.opengl.GL11C.glDrawElements(IIIJ)V+4
j  org.lwjgl.opengl.GL11.glDrawElements(IIIJ)V+4
j  Renderer.BiVAOrender(LRawModel;)V+24
j  Engine.loop()V+172
j  main.main()V+3
j  __SHELL7.run()V+0
v  ~StubRoutines::call_stub
j  jdk.internal.reflect.NativeMethodAccessorImpl.invoke0(Ljava/lang/reflect/Method;Ljava/lang/Object;[Ljava/lang/Object;)Ljava/lang/Object;+0 java.base@11.0.2
j  jdk.internal.reflect.NativeMethodAccessorImpl.invoke(Ljava/lang/Object;[Ljava/lang/Object;)Ljava/lang/Object;+100 java.base@11.0.2
j  jdk.internal.reflect.DelegatingMethodAccessorImpl.invoke(Ljava/lang/Object;[Ljava/lang/Object;)Ljava/lang/Object;+6 java.base@11.0.2
j  java.lang.reflect.Method.invoke(Ljava/lang/Object;[Ljava/lang/Object;)Ljava/lang/Object;+59 java.base@11.0.2
j  bluej.runtime.ExecServer$3.lambda$run$0(Ljava/lang/reflect/Method;)V+6
j  bluej.runtime.ExecServer$3$$Lambda$14.run()V+4
j  bluej.runtime.ExecServer.runOnTargetThread(Lbluej/runtime/ExecServer$RunnableThrows;)V+7
j  bluej.runtime.ExecServer$3.run()V+134
v  ~StubRoutines::call_stub

siginfo: EXCEPTION_ACCESS_VIOLATION (0xc0000005), reading address 0x0000000000000000


Register to memory mapping:

RIP=0x00007ffd3b8717d0 nvoglv64.dll
RAX=0x0000000000022006 is an unknown value
RBX=0x000001e202012c34 points into unknown readable memory: 06 20 02 00
RCX=0x000001e202012c50 points into unknown readable memory: 00 00 00 00 00 00 00 00
RDX=0x0 is NULL
RSP=0x000000c6103fe018 is pointing into the stack for thread: 0x000001e200604800
RBP=0x0000000000000044 is an unknown value
RSI=0x0000000000000006 is an unknown value
RDI=0x000001e202d4f080 points into unknown readable memory: 00 00 00 00 00 00 00 00
R8 =0x0000000000000018 is an unknown value
R9 =0x000001e202012c34 points into unknown readable memory: 06 20 02 00
R10=0x0 is NULL
R11=0x000001e202012c50 points into unknown readable memory: 00 00 00 00 00 00 00 00
R12=0x0000000000000004 is an unknown value
R13=0x0000000000001405 is an unknown value
R14=0x0000000000000018 is an unknown value
R15=0x0 is NULL


Registers:
RAX=0x0000000000022006, RBX=0x000001e202012c34, RCX=0x000001e202012c50, RDX=0x0000000000000000
RSP=0x000000c6103fe018, RBP=0x0000000000000044, RSI=0x0000000000000006, RDI=0x000001e202d4f080
R8 =0x0000000000000018, R9 =0x000001e202012c34, R10=0x0000000000000000, R11=0x000001e202012c50
R12=0x0000000000000004, R13=0x0000000000001405, R14=0x0000000000000018, R15=0x0000000000000000
RIP=0x00007ffd3b8717d0, EFLAGS=0x0000000000010283

Top of Stack: (sp=0x000000c6103fe018)
0x000000c6103fe018:   00007ffd3aef77dc 000001e200604800
0x000000c6103fe028:   000001e200604800 000001e200622d30
0x000000c6103fe038:   00007ffd36309473 000000c6103fe700
0x000000c6103fe048:   0000000000000002 0000000000000002
0x000000c6103fe058:   000001e2641c06d8 000001e2079ea660
0x000000c6103fe068:   000001e200604800 000001e26416c9ac
0x000000c6103fe078:   000001e2641759a1 000001e200604800
0x000000c6103fe088:   000001e2079ea660 0000000000000000
0x000000c6103fe098:   000001e26416c9ac 0000000000000002
0x000000c6103fe0a8:   000001e264175cd6 000000c6103fe140
0x000000c6103fe0b8:   00007ffd3656ca00 000000c6103fe180
0x000000c6103fe0c8:   000001e2079ea660 000001e200001405
0x000000c6103fe0d8:   0000000000000000 0000000000000002
0x000000c6103fe0e8:   00007ffd36566204 000001e2641755b6
0x000000c6103fe0f8:   000000c6103fe0f8 000001e2079ea660
0x000000c6103fe108:   000000c6103fe180 000001e2079f57b0 

Instructions: (pc=0x00007ffd3b8717d0)
0x00007ffd3b8717b0:   dc 02 00 00 49 81 f8 80 00 00 00 0f 86 0f 02 00
0x00007ffd3b8717c0:   00 f6 05 40 6d 69 01 02 0f 84 52 01 00 00 eb a0
0x00007ffd3b8717d0:   0f 10 02 42 0f 10 4c 02 f0 0f 11 01 42 0f 11 4c
0x00007ffd3b8717e0:   01 f0 48 8b c1 c3 66 66 0f 1f 84 00 00 00 00 00 


Stack slot to memory mapping:
stack at sp + 0 slots: 0x00007ffd3aef77dc nvoglv64.dll
stack at sp + 1 slots: 0x000001e200604800 is a thread
stack at sp + 2 slots: 0x000001e200604800 is a thread
stack at sp + 3 slots: 0x000001e200622d30 points into unknown readable memory: 02 00 00 00 00 00 00 00
stack at sp + 4 slots: 0x00007ffd36309473 jvm.dll
stack at sp + 5 slots: 0x000000c6103fe700 is pointing into the stack for thread: 0x000001e200604800
stack at sp + 6 slots: 0x0000000000000002 is an unknown value
stack at sp + 7 slots: 0x0000000000000002 is an unknown value


---------------  P R O C E S S  ---------------

Threads class SMR info:
_java_thread_list=0x000001e200902030, length=18, elements={
0x000001e200064800, 0x000001e20006e800, 0x000001e2000ca800, 0x000001e2000cb800,
0x000001e2000cf000, 0x000001e20007d000, 0x000001e200083800, 0x000001e20023d000,
0x000001e200247000, 0x000001e200248000, 0x000001e200259000, 0x000001e200270800,
0x000001e20069a000, 0x000001e20082c000, 0x000001e20086d000, 0x000001e25be39800,
0x000001e200604800, 0x000001e200b83000
}

Java Threads: ( => current thread )
  0x000001e200064800 JavaThread "Reference Handler" daemon [_thread_blocked, id=13080, stack(0x000000c610d00000,0x000000c610e00000)]
  0x000001e20006e800 JavaThread "Finalizer" daemon [_thread_blocked, id=8204, stack(0x000000c610e00000,0x000000c610f00000)]
  0x000001e2000ca800 JavaThread "Signal Dispatcher" daemon [_thread_blocked, id=8312, stack(0x000000c610f00000,0x000000c611000000)]
  0x000001e2000cb800 JavaThread "Attach Listener" daemon [_thread_blocked, id=12336, stack(0x000000c611000000,0x000000c611100000)]
  0x000001e2000cf000 JavaThread "C2 CompilerThread0" daemon [_thread_blocked, id=280, stack(0x000000c611100000,0x000000c611200000)]
  0x000001e20007d000 JavaThread "C1 CompilerThread0" daemon [_thread_blocked, id=15892, stack(0x000000c611200000,0x000000c611300000)]
  0x000001e200083800 JavaThread "Sweeper thread" daemon [_thread_blocked, id=1244, stack(0x000000c611300000,0x000000c611400000)]
  0x000001e20023d000 JavaThread "JDWP Transport Listener: dt_shmem" daemon [_thread_blocked, id=4908, stack(0x000000c611400000,0x000000c611500000)]
  0x000001e200247000 JavaThread "JDWP Event Helper Thread" daemon [_thread_blocked, id=2432, stack(0x000000c611500000,0x000000c611600000)]
  0x000001e200248000 JavaThread "JDWP Command Reader" daemon [_thread_in_native, id=3788, stack(0x000000c611600000,0x000000c611700000)]
  0x000001e200259000 JavaThread "Service Thread" daemon [_thread_blocked, id=9360, stack(0x000000c611700000,0x000000c611800000)]
  0x000001e200270800 JavaThread "Common-Cleaner" daemon [_thread_blocked, id=3920, stack(0x000000c611900000,0x000000c611a00000)]
  0x000001e20069a000 JavaThread "Java2D Disposer" daemon [_thread_blocked, id=7284, stack(0x000000c611b00000,0x000000c611c00000)]
  0x000001e20082c000 JavaThread "AWT-Windows" daemon [_thread_in_native, id=2324, stack(0x000000c611d00000,0x000000c611e00000)]
  0x000001e20086d000 JavaThread "BlueJ worker thread" [_thread_blocked, id=2100, stack(0x000000c611f00000,0x000000c612000000)]
  0x000001e25be39800 JavaThread "DestroyJavaVM" [_thread_blocked, id=5088, stack(0x000000c610600000,0x000000c610700000)]
=>0x000001e200604800 JavaThread "main" [_thread_in_native, id=15048, stack(0x000000c610300000,0x000000c610400000)]
  0x000001e200b83000 JavaThread "AWT-Shutdown" [_thread_blocked, id=16164, stack(0x000000c612000000,0x000000c612100000)]

Other Threads:
  0x000001e200041800 VMThread "VM Thread" [stack: 0x000000c610c00000,0x000000c610d00000] [id=4348]
  0x000001e200259800 WatcherThread [stack: 0x000000c611800000,0x000000c611900000] [id=13288]
  0x000001e25be4f000 GCTaskThread "GC Thread#0" [stack: 0x000000c610700000,0x000000c610800000] [id=14152]
  0x000001e202436800 GCTaskThread "GC Thread#1" [stack: 0x000000c612500000,0x000000c612600000] [id=14204]
  0x000001e202437800 GCTaskThread "GC Thread#2" [stack: 0x000000c612600000,0x000000c612700000] [id=7092]
  0x000001e202438000 GCTaskThread "GC Thread#3" [stack: 0x000000c612700000,0x000000c612800000] [id=14288]
  0x000001e25beab000 ConcurrentGCThread "G1 Main Marker" [stack: 0x000000c610800000,0x000000c610900000] [id=5496]
  0x000001e25beac800 ConcurrentGCThread "G1 Conc#0" [stack: 0x000000c610900000,0x000000c610a00000] [id=1732]
  0x000001e27f47f800 ConcurrentGCThread "G1 Refine#0" [stack: 0x000000c610a00000,0x000000c610b00000] [id=10648]
  0x000001e2005f2000 ConcurrentGCThread "G1 Refine#1" [stack: 0x000000c612800000,0x000000c612900000] [id=15244]
  0x000001e27f480800 ConcurrentGCThread "G1 Young RemSet Sampling" [stack: 0x000000c610b00000,0x000000c610c00000] [id=1196]

Threads with active compile tasks:

VM state:not at safepoint (normal execution)

VM Mutex/Monitor currently owned by a thread: None

Heap address: 0x0000000701000000, size: 4080 MB, Compressed Oops mode: Zero based, Oop shift amount: 3
Narrow klass base: 0x0000000800000000, Narrow klass shift: 0
Compressed class space size: 1073741824 Address: 0x0000000800000000

Heap:
 garbage-first heap   total 262144K, used 10785K [0x0000000701000000, 0x0000000800000000)
  region size 1024K, 10 young (10240K), 2 survivors (2048K)
 Metaspace       used 14647K, capacity 14949K, committed 15104K, reserved 1062912K
  class space    used 1121K, capacity 1247K, committed 1280K, reserved 1048576K
Heap Regions: E=young(eden), S=young(survivor), O=old, HS=humongous(starts), HC=humongous(continues), CS=collection set, F=free, A=archive, TAMS=top-at-mark-start (previous, next)
|   0|0x0000000701000000, 0x0000000701100000, 0x0000000701100000|100%| O|  |TAMS 0x0000000701000000, 0x0000000701000000| Untracked 
|   1|0x0000000701100000, 0x0000000701188600, 0x0000000701200000| 53%| O|  |TAMS 0x0000000701100000, 0x0000000701100000| Untracked 
|   2|0x0000000701200000, 0x0000000701200000, 0x0000000701300000|  0%| F|  |TAMS 0x0000000701200000, 0x0000000701200000| Untracked 
|   3|0x0000000701300000, 0x0000000701300000, 0x0000000701400000|  0%| F|  |TAMS 0x0000000701300000, 0x0000000701300000| Untracked 
|   4|0x0000000701400000, 0x0000000701400000, 0x0000000701500000|  0%| F|  |TAMS 0x0000000701400000, 0x0000000701400000| Untracked 
|   5|0x0000000701500000, 0x0000000701500000, 0x0000000701600000|  0%| F|  |TAMS 0x0000000701500000, 0x0000000701500000| Untracked 
|   6|0x0000000701600000, 0x0000000701600000, 0x0000000701700000|  0%| F|  |TAMS 0x0000000701600000, 0x0000000701600000| Untracked 
|   7|0x0000000701700000, 0x0000000701700000, 0x0000000701800000|  0%| F|  |TAMS 0x0000000701700000, 0x0000000701700000| Untracked 
|   8|0x0000000701800000, 0x0000000701800000, 0x0000000701900000|  0%| F|  |TAMS 0x0000000701800000, 0x0000000701800000| Untracked 
|   9|0x0000000701900000, 0x0000000701900000, 0x0000000701a00000|  0%| F|  |TAMS 0x0000000701900000, 0x0000000701900000| Untracked 
|  10|0x0000000701a00000, 0x0000000701a00000, 0x0000000701b00000|  0%| F|  |TAMS 0x0000000701a00000, 0x0000000701a00000| Untracked 
|  11|0x0000000701b00000, 0x0000000701b00000, 0x0000000701c00000|  0%| F|  |TAMS 0x0000000701b00000, 0x0000000701b00000| Untracked 
|  12|0x0000000701c00000, 0x0000000701c00000, 0x0000000701d00000|  0%| F|  |TAMS 0x0000000701c00000, 0x0000000701c00000| Untracked 
|  13|0x0000000701d00000, 0x0000000701d00000, 0x0000000701e00000|  0%| F|  |TAMS 0x0000000701d00000, 0x0000000701d00000| Untracked 
|  14|0x0000000701e00000, 0x0000000701e00000, 0x0000000701f00000|  0%| F|  |TAMS 0x0000000701e00000, 0x0000000701e00000| Untracked 
|  15|0x0000000701f00000, 0x0000000701f00000, 0x0000000702000000|  0%| F|  |TAMS 0x0000000701f00000, 0x0000000701f00000| Untracked 
|  16|0x0000000702000000, 0x0000000702000000, 0x0000000702100000|  0%| F|  |TAMS 0x0000000702000000, 0x0000000702000000| Untracked 
|  17|0x0000000702100000, 0x0000000702100000, 0x0000000702200000|  0%| F|  |TAMS 0x0000000702100000, 0x0000000702100000| Untracked 
|  18|0x0000000702200000, 0x0000000702200000, 0x0000000702300000|  0%| F|  |TAMS 0x0000000702200000, 0x0000000702200000| Untracked 
|  19|0x0000000702300000, 0x0000000702300000, 0x0000000702400000|  0%| F|  |TAMS 0x0000000702300000, 0x0000000702300000| Untracked 
|  20|0x0000000702400000, 0x0000000702400000, 0x0000000702500000|  0%| F|  |TAMS 0x0000000702400000, 0x0000000702400000| Untracked 
|  21|0x0000000702500000, 0x0000000702500000, 0x0000000702600000|  0%| F|  |TAMS 0x0000000702500000, 0x0000000702500000| Untracked 
|  22|0x0000000702600000, 0x0000000702600000, 0x0000000702700000|  0%| F|  |TAMS 0x0000000702600000, 0x0000000702600000| Untracked 
|  23|0x0000000702700000, 0x0000000702700000, 0x0000000702800000|  0%| F|  |TAMS 0x0000000702700000, 0x0000000702700000| Untracked 
|  24|0x0000000702800000, 0x0000000702800000, 0x0000000702900000|  0%| F|  |TAMS 0x0000000702800000, 0x0000000702800000| Untracked 
|  25|0x0000000702900000, 0x0000000702900000, 0x0000000702a00000|  0%| F|  |TAMS 0x0000000702900000, 0x0000000702900000| Untracked 
|  26|0x0000000702a00000, 0x0000000702a00000, 0x0000000702b00000|  0%| F|  |TAMS 0x0000000702a00000, 0x0000000702a00000| Untracked 
|  27|0x0000000702b00000, 0x0000000702b00000, 0x0000000702c00000|  0%| F|  |TAMS 0x0000000702b00000, 0x0000000702b00000| Untracked 
|  28|0x0000000702c00000, 0x0000000702c00000, 0x0000000702d00000|  0%| F|  |TAMS 0x0000000702c00000, 0x0000000702c00000| Untracked 
|  29|0x0000000702d00000, 0x0000000702d00000, 0x0000000702e00000|  0%| F|  |TAMS 0x0000000702d00000, 0x0000000702d00000| Untracked 
|  30|0x0000000702e00000, 0x0000000702e00000, 0x0000000702f00000|  0%| F|  |TAMS 0x0000000702e00000, 0x0000000702e00000| Untracked 
|  31|0x0000000702f00000, 0x0000000702f00000, 0x0000000703000000|  0%| F|  |TAMS 0x0000000702f00000, 0x0000000702f00000| Untracked 
|  32|0x0000000703000000, 0x0000000703000000, 0x0000000703100000|  0%| F|  |TAMS 0x0000000703000000, 0x0000000703000000| Untracked 
|  33|0x0000000703100000, 0x0000000703100000, 0x0000000703200000|  0%| F|  |TAMS 0x0000000703100000, 0x0000000703100000| Untracked 
|  34|0x0000000703200000, 0x0000000703200000, 0x0000000703300000|  0%| F|  |TAMS 0x0000000703200000, 0x0000000703200000| Untracked 
|  35|0x0000000703300000, 0x0000000703300000, 0x0000000703400000|  0%| F|  |TAMS 0x0000000703300000, 0x0000000703300000| Untracked 
|  36|0x0000000703400000, 0x0000000703400000, 0x0000000703500000|  0%| F|  |TAMS 0x0000000703400000, 0x0000000703400000| Untracked 
|  37|0x0000000703500000, 0x0000000703500000, 0x0000000703600000|  0%| F|  |TAMS 0x0000000703500000, 0x0000000703500000| Untracked 
|  38|0x0000000703600000, 0x0000000703600000, 0x0000000703700000|  0%| F|  |TAMS 0x0000000703600000, 0x0000000703600000| Untracked 
|  39|0x0000000703700000, 0x0000000703700000, 0x0000000703800000|  0%| F|  |TAMS 0x0000000703700000, 0x0000000703700000| Untracked 
|  40|0x0000000703800000, 0x0000000703800000, 0x0000000703900000|  0%| F|  |TAMS 0x0000000703800000, 0x0000000703800000| Untracked 
|  41|0x0000000703900000, 0x0000000703900000, 0x0000000703a00000|  0%| F|  |TAMS 0x0000000703900000, 0x0000000703900000| Untracked 
|  42|0x0000000703a00000, 0x0000000703a00000, 0x0000000703b00000|  0%| F|  |TAMS 0x0000000703a00000, 0x0000000703a00000| Untracked 
|  43|0x0000000703b00000, 0x0000000703b00000, 0x0000000703c00000|  0%| F|  |TAMS 0x0000000703b00000, 0x0000000703b00000| Untracked 
|  44|0x0000000703c00000, 0x0000000703c00000, 0x0000000703d00000|  0%| F|  |TAMS 0x0000000703c00000, 0x0000000703c00000| Untracked 
|  45|0x0000000703d00000, 0x0000000703d00000, 0x0000000703e00000|  0%| F|  |TAMS 0x0000000703d00000, 0x0000000703d00000| Untracked 
|  46|0x0000000703e00000, 0x0000000703e00000, 0x0000000703f00000|  0%| F|  |TAMS 0x0000000703e00000, 0x0000000703e00000| Untracked 
|  47|0x0000000703f00000, 0x0000000703f00000, 0x0000000704000000|  0%| F|  |TAMS 0x0000000703f00000, 0x0000000703f00000| Untracked 
|  48|0x0000000704000000, 0x0000000704000000, 0x0000000704100000|  0%| F|  |TAMS 0x0000000704000000, 0x0000000704000000| Untracked 
|  49|0x0000000704100000, 0x0000000704100000, 0x0000000704200000|  0%| F|  |TAMS 0x0000000704100000, 0x0000000704100000| Untracked 
|  50|0x0000000704200000, 0x0000000704200000, 0x0000000704300000|  0%| F|  |TAMS 0x0000000704200000, 0x0000000704200000| Untracked 
|  51|0x0000000704300000, 0x0000000704300000, 0x0000000704400000|  0%| F|  |TAMS 0x0000000704300000, 0x0000000704300000| Untracked 
|  52|0x0000000704400000, 0x0000000704400000, 0x0000000704500000|  0%| F|  |TAMS 0x0000000704400000, 0x0000000704400000| Untracked 
|  53|0x0000000704500000, 0x0000000704500000, 0x0000000704600000|  0%| F|  |TAMS 0x0000000704500000, 0x0000000704500000| Untracked 
|  54|0x0000000704600000, 0x0000000704600000, 0x0000000704700000|  0%| F|  |TAMS 0x0000000704600000, 0x0000000704600000| Untracked 
|  55|0x0000000704700000, 0x0000000704700000, 0x0000000704800000|  0%| F|  |TAMS 0x0000000704700000, 0x0000000704700000| Untracked 
|  56|0x0000000704800000, 0x0000000704800000, 0x0000000704900000|  0%| F|  |TAMS 0x0000000704800000, 0x0000000704800000| Untracked 
|  57|0x0000000704900000, 0x0000000704900000, 0x0000000704a00000|  0%| F|  |TAMS 0x0000000704900000, 0x0000000704900000| Untracked 
|  58|0x0000000704a00000, 0x0000000704a00000, 0x0000000704b00000|  0%| F|  |TAMS 0x0000000704a00000, 0x0000000704a00000| Untracked 
|  59|0x0000000704b00000, 0x0000000704b00000, 0x0000000704c00000|  0%| F|  |TAMS 0x0000000704b00000, 0x0000000704b00000| Untracked 
|  60|0x0000000704c00000, 0x0000000704c00000, 0x0000000704d00000|  0%| F|  |TAMS 0x0000000704c00000, 0x0000000704c00000| Untracked 
|  61|0x0000000704d00000, 0x0000000704d00000, 0x0000000704e00000|  0%| F|  |TAMS 0x0000000704d00000, 0x0000000704d00000| Untracked 
|  62|0x0000000704e00000, 0x0000000704e00000, 0x0000000704f00000|  0%| F|  |TAMS 0x0000000704e00000, 0x0000000704e00000| Untracked 
|  63|0x0000000704f00000, 0x0000000704f00000, 0x0000000705000000|  0%| F|  |TAMS 0x0000000704f00000, 0x0000000704f00000| Untracked 
|  64|0x0000000705000000, 0x0000000705000000, 0x0000000705100000|  0%| F|  |TAMS 0x0000000705000000, 0x0000000705000000| Untracked 
|  65|0x0000000705100000, 0x0000000705100000, 0x0000000705200000|  0%| F|  |TAMS 0x0000000705100000, 0x0000000705100000| Untracked 
|  66|0x0000000705200000, 0x0000000705200000, 0x0000000705300000|  0%| F|  |TAMS 0x0000000705200000, 0x0000000705200000| Untracked 
|  67|0x0000000705300000, 0x0000000705300000, 0x0000000705400000|  0%| F|  |TAMS 0x0000000705300000, 0x0000000705300000| Untracked 
|  68|0x0000000705400000, 0x0000000705400000, 0x0000000705500000|  0%| F|  |TAMS 0x0000000705400000, 0x0000000705400000| Untracked 
|  69|0x0000000705500000, 0x0000000705500000, 0x0000000705600000|  0%| F|  |TAMS 0x0000000705500000, 0x0000000705500000| Untracked 
|  70|0x0000000705600000, 0x0000000705600000, 0x0000000705700000|  0%| F|  |TAMS 0x0000000705600000, 0x0000000705600000| Untracked 
|  71|0x0000000705700000, 0x0000000705700000, 0x0000000705800000|  0%| F|  |TAMS 0x0000000705700000, 0x0000000705700000| Untracked 
|  72|0x0000000705800000, 0x0000000705800000, 0x0000000705900000|  0%| F|  |TAMS 0x0000000705800000, 0x0000000705800000| Untracked 
|  73|0x0000000705900000, 0x0000000705900000, 0x0000000705a00000|  0%| F|  |TAMS 0x0000000705900000, 0x0000000705900000| Untracked 
|  74|0x0000000705a00000, 0x0000000705a00000, 0x0000000705b00000|  0%| F|  |TAMS 0x0000000705a00000, 0x0000000705a00000| Untracked 
|  75|0x0000000705b00000, 0x0000000705b00000, 0x0000000705c00000|  0%| F|  |TAMS 0x0000000705b00000, 0x0000000705b00000| Untracked 
|  76|0x0000000705c00000, 0x0000000705c00000, 0x0000000705d00000|  0%| F|  |TAMS 0x0000000705c00000, 0x0000000705c00000| Untracked 
|  77|0x0000000705d00000, 0x0000000705d00000, 0x0000000705e00000|  0%| F|  |TAMS 0x0000000705d00000, 0x0000000705d00000| Untracked 
|  78|0x0000000705e00000, 0x0000000705e00000, 0x0000000705f00000|  0%| F|  |TAMS 0x0000000705e00000, 0x0000000705e00000| Untracked 
|  79|0x0000000705f00000, 0x0000000705f00000, 0x0000000706000000|  0%| F|  |TAMS 0x0000000705f00000, 0x0000000705f00000| Untracked 
|  80|0x0000000706000000, 0x0000000706000000, 0x0000000706100000|  0%| F|  |TAMS 0x0000000706000000, 0x0000000706000000| Untracked 
|  81|0x0000000706100000, 0x0000000706100000, 0x0000000706200000|  0%| F|  |TAMS 0x0000000706100000, 0x0000000706100000| Untracked 
|  82|0x0000000706200000, 0x0000000706200000, 0x0000000706300000|  0%| F|  |TAMS 0x0000000706200000, 0x0000000706200000| Untracked 
|  83|0x0000000706300000, 0x0000000706300000, 0x0000000706400000|  0%| F|  |TAMS 0x0000000706300000, 0x0000000706300000| Untracked 
|  84|0x0000000706400000, 0x0000000706400000, 0x0000000706500000|  0%| F|  |TAMS 0x0000000706400000, 0x0000000706400000| Untracked 
|  85|0x0000000706500000, 0x0000000706500000, 0x0000000706600000|  0%| F|  |TAMS 0x0000000706500000, 0x0000000706500000| Untracked 
|  86|0x0000000706600000, 0x0000000706600000, 0x0000000706700000|  0%| F|  |TAMS 0x0000000706600000, 0x0000000706600000| Untracked 
|  87|0x0000000706700000, 0x0000000706700000, 0x0000000706800000|  0%| F|  |TAMS 0x0000000706700000, 0x0000000706700000| Untracked 
|  88|0x0000000706800000, 0x0000000706800000, 0x0000000706900000|  0%| F|  |TAMS 0x0000000706800000, 0x0000000706800000| Untracked 
|  89|0x0000000706900000, 0x0000000706900000, 0x0000000706a00000|  0%| F|  |TAMS 0x0000000706900000, 0x0000000706900000| Untracked 
|  90|0x0000000706a00000, 0x0000000706a00000, 0x0000000706b00000|  0%| F|  |TAMS 0x0000000706a00000, 0x0000000706a00000| Untracked 
|  91|0x0000000706b00000, 0x0000000706b00000, 0x0000000706c00000|  0%| F|  |TAMS 0x0000000706b00000, 0x0000000706b00000| Untracked 
|  92|0x0000000706c00000, 0x0000000706c00000, 0x0000000706d00000|  0%| F|  |TAMS 0x0000000706c00000, 0x0000000706c00000| Untracked 
|  93|0x0000000706d00000, 0x0000000706d00000, 0x0000000706e00000|  0%| F|  |TAMS 0x0000000706d00000, 0x0000000706d00000| Untracked 
|  94|0x0000000706e00000, 0x0000000706e00000, 0x0000000706f00000|  0%| F|  |TAMS 0x0000000706e00000, 0x0000000706e00000| Untracked 
|  95|0x0000000706f00000, 0x0000000706f00000, 0x0000000707000000|  0%| F|  |TAMS 0x0000000706f00000, 0x0000000706f00000| Untracked 
|  96|0x0000000707000000, 0x0000000707000000, 0x0000000707100000|  0%| F|  |TAMS 0x0000000707000000, 0x0000000707000000| Untracked 
|  97|0x0000000707100000, 0x0000000707100000, 0x0000000707200000|  0%| F|  |TAMS 0x0000000707100000, 0x0000000707100000| Untracked 
|  98|0x0000000707200000, 0x0000000707200000, 0x0000000707300000|  0%| F|  |TAMS 0x0000000707200000, 0x0000000707200000| Untracked 
|  99|0x0000000707300000, 0x0000000707300000, 0x0000000707400000|  0%| F|  |TAMS 0x0000000707300000, 0x0000000707300000| Untracked 
| 100|0x0000000707400000, 0x0000000707400000, 0x0000000707500000|  0%| F|  |TAMS 0x0000000707400000, 0x0000000707400000| Untracked 
| 101|0x0000000707500000, 0x0000000707500000, 0x0000000707600000|  0%| F|  |TAMS 0x0000000707500000, 0x0000000707500000| Untracked 
| 102|0x0000000707600000, 0x0000000707600000, 0x0000000707700000|  0%| F|  |TAMS 0x0000000707600000, 0x0000000707600000| Untracked 
| 103|0x0000000707700000, 0x0000000707700000, 0x0000000707800000|  0%| F|  |TAMS 0x0000000707700000, 0x0000000707700000| Untracked 
| 104|0x0000000707800000, 0x0000000707800000, 0x0000000707900000|  0%| F|  |TAMS 0x0000000707800000, 0x0000000707800000| Untracked 
| 105|0x0000000707900000, 0x0000000707900000, 0x0000000707a00000|  0%| F|  |TAMS 0x0000000707900000, 0x0000000707900000| Untracked 
| 106|0x0000000707a00000, 0x0000000707a00000, 0x0000000707b00000|  0%| F|  |TAMS 0x0000000707a00000, 0x0000000707a00000| Untracked 
| 107|0x0000000707b00000, 0x0000000707b00000, 0x0000000707c00000|  0%| F|  |TAMS 0x0000000707b00000, 0x0000000707b00000| Untracked 
| 108|0x0000000707c00000, 0x0000000707c00000, 0x0000000707d00000|  0%| F|  |TAMS 0x0000000707c00000, 0x0000000707c00000| Untracked 
| 109|0x0000000707d00000, 0x0000000707d00000, 0x0000000707e00000|  0%| F|  |TAMS 0x0000000707d00000, 0x0000000707d00000| Untracked 
| 110|0x0000000707e00000, 0x0000000707e00000, 0x0000000707f00000|  0%| F|  |TAMS 0x0000000707e00000, 0x0000000707e00000| Untracked 
| 111|0x0000000707f00000, 0x0000000707f00000, 0x0000000708000000|  0%| F|  |TAMS 0x0000000707f00000, 0x0000000707f00000| Untracked 
| 112|0x0000000708000000, 0x0000000708000000, 0x0000000708100000|  0%| F|  |TAMS 0x0000000708000000, 0x0000000708000000| Untracked 
| 113|0x0000000708100000, 0x0000000708100000, 0x0000000708200000|  0%| F|  |TAMS 0x0000000708100000, 0x0000000708100000| Untracked 
| 114|0x0000000708200000, 0x0000000708200000, 0x0000000708300000|  0%| F|  |TAMS 0x0000000708200000, 0x0000000708200000| Untracked 
| 115|0x0000000708300000, 0x0000000708300000, 0x0000000708400000|  0%| F|  |TAMS 0x0000000708300000, 0x0000000708300000| Untracked 
| 116|0x0000000708400000, 0x0000000708400000, 0x0000000708500000|  0%| F|  |TAMS 0x0000000708400000, 0x0000000708400000| Untracked 
| 117|0x0000000708500000, 0x0000000708500000, 0x0000000708600000|  0%| F|  |TAMS 0x0000000708500000, 0x0000000708500000| Untracked 
| 118|0x0000000708600000, 0x0000000708600000, 0x0000000708700000|  0%| F|  |TAMS 0x0000000708600000, 0x0000000708600000| Untracked 
| 119|0x0000000708700000, 0x0000000708700000, 0x0000000708800000|  0%| F|  |TAMS 0x0000000708700000, 0x0000000708700000| Untracked 
| 120|0x0000000708800000, 0x0000000708800000, 0x0000000708900000|  0%| F|  |TAMS 0x0000000708800000, 0x0000000708800000| Untracked 
| 121|0x0000000708900000, 0x0000000708900000, 0x0000000708a00000|  0%| F|  |TAMS 0x0000000708900000, 0x0000000708900000| Untracked 
| 122|0x0000000708a00000, 0x0000000708a00000, 0x0000000708b00000|  0%| F|  |TAMS 0x0000000708a00000, 0x0000000708a00000| Untracked 
| 123|0x0000000708b00000, 0x0000000708b00000, 0x0000000708c00000|  0%| F|  |TAMS 0x0000000708b00000, 0x0000000708b00000| Untracked 
| 124|0x0000000708c00000, 0x0000000708c00000, 0x0000000708d00000|  0%| F|  |TAMS 0x0000000708c00000, 0x0000000708c00000| Untracked 
| 125|0x0000000708d00000, 0x0000000708d00000, 0x0000000708e00000|  0%| F|  |TAMS 0x0000000708d00000, 0x0000000708d00000| Untracked 
| 126|0x0000000708e00000, 0x0000000708e00000, 0x0000000708f00000|  0%| F|  |TAMS 0x0000000708e00000, 0x0000000708e00000| Untracked 
| 127|0x0000000708f00000, 0x0000000708f00000, 0x0000000709000000|  0%| F|  |TAMS 0x0000000708f00000, 0x0000000708f00000| Untracked 
| 128|0x0000000709000000, 0x0000000709000000, 0x0000000709100000|  0%| F|  |TAMS 0x0000000709000000, 0x0000000709000000| Untracked 
| 129|0x0000000709100000, 0x0000000709100000, 0x0000000709200000|  0%| F|  |TAMS 0x0000000709100000, 0x0000000709100000| Untracked 
| 130|0x0000000709200000, 0x0000000709200000, 0x0000000709300000|  0%| F|  |TAMS 0x0000000709200000, 0x0000000709200000| Untracked 
| 131|0x0000000709300000, 0x0000000709300000, 0x0000000709400000|  0%| F|  |TAMS 0x0000000709300000, 0x0000000709300000| Untracked 
| 132|0x0000000709400000, 0x0000000709400000, 0x0000000709500000|  0%| F|  |TAMS 0x0000000709400000, 0x0000000709400000| Untracked 
| 133|0x0000000709500000, 0x0000000709500000, 0x0000000709600000|  0%| F|  |TAMS 0x0000000709500000, 0x0000000709500000| Untracked 
| 134|0x0000000709600000, 0x0000000709600000, 0x0000000709700000|  0%| F|  |TAMS 0x0000000709600000, 0x0000000709600000| Untracked 
| 135|0x0000000709700000, 0x0000000709700000, 0x0000000709800000|  0%| F|  |TAMS 0x0000000709700000, 0x0000000709700000| Untracked 
| 136|0x0000000709800000, 0x0000000709800000, 0x0000000709900000|  0%| F|  |TAMS 0x0000000709800000, 0x0000000709800000| Untracked 
| 137|0x0000000709900000, 0x0000000709900000, 0x0000000709a00000|  0%| F|  |TAMS 0x0000000709900000, 0x0000000709900000| Untracked 
| 138|0x0000000709a00000, 0x0000000709a00000, 0x0000000709b00000|  0%| F|  |TAMS 0x0000000709a00000, 0x0000000709a00000| Untracked 
| 139|0x0000000709b00000, 0x0000000709b00000, 0x0000000709c00000|  0%| F|  |TAMS 0x0000000709b00000, 0x0000000709b00000| Untracked 
| 140|0x0000000709c00000, 0x0000000709c00000, 0x0000000709d00000|  0%| F|  |TAMS 0x0000000709c00000, 0x0000000709c00000| Untracked 
| 141|0x0000000709d00000, 0x0000000709d00000, 0x0000000709e00000|  0%| F|  |TAMS 0x0000000709d00000, 0x0000000709d00000| Untracked 
| 142|0x0000000709e00000, 0x0000000709e00000, 0x0000000709f00000|  0%| F|  |TAMS 0x0000000709e00000, 0x0000000709e00000| Untracked 
| 143|0x0000000709f00000, 0x0000000709f00000, 0x000000070a000000|  0%| F|  |TAMS 0x0000000709f00000, 0x0000000709f00000| Untracked 
| 144|0x000000070a000000, 0x000000070a000000, 0x000000070a100000|  0%| F|  |TAMS 0x000000070a000000, 0x000000070a000000| Untracked 
| 145|0x000000070a100000, 0x000000070a100000, 0x000000070a200000|  0%| F|  |TAMS 0x000000070a100000, 0x000000070a100000| Untracked 
| 146|0x000000070a200000, 0x000000070a200000, 0x000000070a300000|  0%| F|  |TAMS 0x000000070a200000, 0x000000070a200000| Untracked 
| 147|0x000000070a300000, 0x000000070a300000, 0x000000070a400000|  0%| F|  |TAMS 0x000000070a300000, 0x000000070a300000| Untracked 
| 148|0x000000070a400000, 0x000000070a400000, 0x000000070a500000|  0%| F|  |TAMS 0x000000070a400000, 0x000000070a400000| Untracked 
| 149|0x000000070a500000, 0x000000070a500000, 0x000000070a600000|  0%| F|  |TAMS 0x000000070a500000, 0x000000070a500000| Untracked 
| 150|0x000000070a600000, 0x000000070a600000, 0x000000070a700000|  0%| F|  |TAMS 0x000000070a600000, 0x000000070a600000| Untracked 
| 151|0x000000070a700000, 0x000000070a700000, 0x000000070a800000|  0%| F|  |TAMS 0x000000070a700000, 0x000000070a700000| Untracked 
| 152|0x000000070a800000, 0x000000070a800000, 0x000000070a900000|  0%| F|  |TAMS 0x000000070a800000, 0x000000070a800000| Untracked 
| 153|0x000000070a900000, 0x000000070a900000, 0x000000070aa00000|  0%| F|  |TAMS 0x000000070a900000, 0x000000070a900000| Untracked 
| 154|0x000000070aa00000, 0x000000070aa00000, 0x000000070ab00000|  0%| F|  |TAMS 0x000000070aa00000, 0x000000070aa00000| Untracked 
| 155|0x000000070ab00000, 0x000000070ab00000, 0x000000070ac00000|  0%| F|  |TAMS 0x000000070ab00000, 0x000000070ab00000| Untracked 
| 156|0x000000070ac00000, 0x000000070ac00000, 0x000000070ad00000|  0%| F|  |TAMS 0x000000070ac00000, 0x000000070ac00000| Untracked 
| 157|0x000000070ad00000, 0x000000070ad00000, 0x000000070ae00000|  0%| F|  |TAMS 0x000000070ad00000, 0x000000070ad00000| Untracked 
| 158|0x000000070ae00000, 0x000000070ae00000, 0x000000070af00000|  0%| F|  |TAMS 0x000000070ae00000, 0x000000070ae00000| Untracked 
| 159|0x000000070af00000, 0x000000070af00000, 0x000000070b000000|  0%| F|  |TAMS 0x000000070af00000, 0x000000070af00000| Untracked 
| 160|0x000000070b000000, 0x000000070b000000, 0x000000070b100000|  0%| F|  |TAMS 0x000000070b000000, 0x000000070b000000| Untracked 
| 161|0x000000070b100000, 0x000000070b100000, 0x000000070b200000|  0%| F|  |TAMS 0x000000070b100000, 0x000000070b100000| Untracked 
| 162|0x000000070b200000, 0x000000070b200000, 0x000000070b300000|  0%| F|  |TAMS 0x000000070b200000, 0x000000070b200000| Untracked 
| 163|0x000000070b300000, 0x000000070b300000, 0x000000070b400000|  0%| F|  |TAMS 0x000000070b300000, 0x000000070b300000| Untracked 
| 164|0x000000070b400000, 0x000000070b400000, 0x000000070b500000|  0%| F|  |TAMS 0x000000070b400000, 0x000000070b400000| Untracked 
| 165|0x000000070b500000, 0x000000070b500000, 0x000000070b600000|  0%| F|  |TAMS 0x000000070b500000, 0x000000070b500000| Untracked 
| 166|0x000000070b600000, 0x000000070b600000, 0x000000070b700000|  0%| F|  |TAMS 0x000000070b600000, 0x000000070b600000| Untracked 
| 167|0x000000070b700000, 0x000000070b700000, 0x000000070b800000|  0%| F|  |TAMS 0x000000070b700000, 0x000000070b700000| Untracked 
| 168|0x000000070b800000, 0x000000070b800000, 0x000000070b900000|  0%| F|  |TAMS 0x000000070b800000, 0x000000070b800000| Untracked 
| 169|0x000000070b900000, 0x000000070b900000, 0x000000070ba00000|  0%| F|  |TAMS 0x000000070b900000, 0x000000070b900000| Untracked 
| 170|0x000000070ba00000, 0x000000070ba00000, 0x000000070bb00000|  0%| F|  |TAMS 0x000000070ba00000, 0x000000070ba00000| Untracked 
| 171|0x000000070bb00000, 0x000000070bb00000, 0x000000070bc00000|  0%| F|  |TAMS 0x000000070bb00000, 0x000000070bb00000| Untracked 
| 172|0x000000070bc00000, 0x000000070bc00000, 0x000000070bd00000|  0%| F|  |TAMS 0x000000070bc00000, 0x000000070bc00000| Untracked 
| 173|0x000000070bd00000, 0x000000070bd00000, 0x000000070be00000|  0%| F|  |TAMS 0x000000070bd00000, 0x000000070bd00000| Untracked 
| 174|0x000000070be00000, 0x000000070be00000, 0x000000070bf00000|  0%| F|  |TAMS 0x000000070be00000, 0x000000070be00000| Untracked 
| 175|0x000000070bf00000, 0x000000070bf00000, 0x000000070c000000|  0%| F|  |TAMS 0x000000070bf00000, 0x000000070bf00000| Untracked 
| 176|0x000000070c000000, 0x000000070c000000, 0x000000070c100000|  0%| F|  |TAMS 0x000000070c000000, 0x000000070c000000| Untracked 
| 177|0x000000070c100000, 0x000000070c100000, 0x000000070c200000|  0%| F|  |TAMS 0x000000070c100000, 0x000000070c100000| Untracked 
| 178|0x000000070c200000, 0x000000070c200000, 0x000000070c300000|  0%| F|  |TAMS 0x000000070c200000, 0x000000070c200000| Untracked 
| 179|0x000000070c300000, 0x000000070c300000, 0x000000070c400000|  0%| F|  |TAMS 0x000000070c300000, 0x000000070c300000| Untracked 
| 180|0x000000070c400000, 0x000000070c400000, 0x000000070c500000|  0%| F|  |TAMS 0x000000070c400000, 0x000000070c400000| Untracked 
| 181|0x000000070c500000, 0x000000070c500000, 0x000000070c600000|  0%| F|  |TAMS 0x000000070c500000, 0x000000070c500000| Untracked 
| 182|0x000000070c600000, 0x000000070c600000, 0x000000070c700000|  0%| F|  |TAMS 0x000000070c600000, 0x000000070c600000| Untracked 
| 183|0x000000070c700000, 0x000000070c700000, 0x000000070c800000|  0%| F|  |TAMS 0x000000070c700000, 0x000000070c700000| Untracked 
| 184|0x000000070c800000, 0x000000070c800000, 0x000000070c900000|  0%| F|  |TAMS 0x000000070c800000, 0x000000070c800000| Untracked 
| 185|0x000000070c900000, 0x000000070c900000, 0x000000070ca00000|  0%| F|  |TAMS 0x000000070c900000, 0x000000070c900000| Untracked 
| 186|0x000000070ca00000, 0x000000070ca00000, 0x000000070cb00000|  0%| F|  |TAMS 0x000000070ca00000, 0x000000070ca00000| Untracked 
| 187|0x000000070cb00000, 0x000000070cb00000, 0x000000070cc00000|  0%| F|  |TAMS 0x000000070cb00000, 0x000000070cb00000| Untracked 
| 188|0x000000070cc00000, 0x000000070cc00000, 0x000000070cd00000|  0%| F|  |TAMS 0x000000070cc00000, 0x000000070cc00000| Untracked 
| 189|0x000000070cd00000, 0x000000070cd00000, 0x000000070ce00000|  0%| F|  |TAMS 0x000000070cd00000, 0x000000070cd00000| Untracked 
| 190|0x000000070ce00000, 0x000000070ce00000, 0x000000070cf00000|  0%| F|  |TAMS 0x000000070ce00000, 0x000000070ce00000| Untracked 
| 191|0x000000070cf00000, 0x000000070cf00000, 0x000000070d000000|  0%| F|  |TAMS 0x000000070cf00000, 0x000000070cf00000| Untracked 
| 192|0x000000070d000000, 0x000000070d000000, 0x000000070d100000|  0%| F|  |TAMS 0x000000070d000000, 0x000000070d000000| Untracked 
| 193|0x000000070d100000, 0x000000070d100000, 0x000000070d200000|  0%| F|  |TAMS 0x000000070d100000, 0x000000070d100000| Untracked 
| 194|0x000000070d200000, 0x000000070d200000, 0x000000070d300000|  0%| F|  |TAMS 0x000000070d200000, 0x000000070d200000| Untracked 
| 195|0x000000070d300000, 0x000000070d300000, 0x000000070d400000|  0%| F|  |TAMS 0x000000070d300000, 0x000000070d300000| Untracked 
| 196|0x000000070d400000, 0x000000070d400000, 0x000000070d500000|  0%| F|  |TAMS 0x000000070d400000, 0x000000070d400000| Untracked 
| 197|0x000000070d500000, 0x000000070d500000, 0x000000070d600000|  0%| F|  |TAMS 0x000000070d500000, 0x000000070d500000| Untracked 
| 198|0x000000070d600000, 0x000000070d600000, 0x000000070d700000|  0%| F|  |TAMS 0x000000070d600000, 0x000000070d600000| Untracked 
| 199|0x000000070d700000, 0x000000070d700000, 0x000000070d800000|  0%| F|  |TAMS 0x000000070d700000, 0x000000070d700000| Untracked 
| 200|0x000000070d800000, 0x000000070d800000, 0x000000070d900000|  0%| F|  |TAMS 0x000000070d800000, 0x000000070d800000| Untracked 
| 201|0x000000070d900000, 0x000000070d900000, 0x000000070da00000|  0%| F|  |TAMS 0x000000070d900000, 0x000000070d900000| Untracked 
| 202|0x000000070da00000, 0x000000070da00000, 0x000000070db00000|  0%| F|  |TAMS 0x000000070da00000, 0x000000070da00000| Untracked 
| 203|0x000000070db00000, 0x000000070db00000, 0x000000070dc00000|  0%| F|  |TAMS 0x000000070db00000, 0x000000070db00000| Untracked 
| 204|0x000000070dc00000, 0x000000070dc00000, 0x000000070dd00000|  0%| F|  |TAMS 0x000000070dc00000, 0x000000070dc00000| Untracked 
| 205|0x000000070dd00000, 0x000000070dd00000, 0x000000070de00000|  0%| F|  |TAMS 0x000000070dd00000, 0x000000070dd00000| Untracked 
| 206|0x000000070de00000, 0x000000070de00000, 0x000000070df00000|  0%| F|  |TAMS 0x000000070de00000, 0x000000070de00000| Untracked 
| 207|0x000000070df00000, 0x000000070df00000, 0x000000070e000000|  0%| F|  |TAMS 0x000000070df00000, 0x000000070df00000| Untracked 
| 208|0x000000070e000000, 0x000000070e000000, 0x000000070e100000|  0%| F|  |TAMS 0x000000070e000000, 0x000000070e000000| Untracked 
| 209|0x000000070e100000, 0x000000070e100000, 0x000000070e200000|  0%| F|  |TAMS 0x000000070e100000, 0x000000070e100000| Untracked 
| 210|0x000000070e200000, 0x000000070e200000, 0x000000070e300000|  0%| F|  |TAMS 0x000000070e200000, 0x000000070e200000| Untracked 
| 211|0x000000070e300000, 0x000000070e300000, 0x000000070e400000|  0%| F|  |TAMS 0x000000070e300000, 0x000000070e300000| Untracked 
| 212|0x000000070e400000, 0x000000070e400000, 0x000000070e500000|  0%| F|  |TAMS 0x000000070e400000, 0x000000070e400000| Untracked 
| 213|0x000000070e500000, 0x000000070e500000, 0x000000070e600000|  0%| F|  |TAMS 0x000000070e500000, 0x000000070e500000| Untracked 
| 214|0x000000070e600000, 0x000000070e600000, 0x000000070e700000|  0%| F|  |TAMS 0x000000070e600000, 0x000000070e600000| Untracked 
| 215|0x000000070e700000, 0x000000070e700000, 0x000000070e800000|  0%| F|  |TAMS 0x000000070e700000, 0x000000070e700000| Untracked 
| 216|0x000000070e800000, 0x000000070e800000, 0x000000070e900000|  0%| F|  |TAMS 0x000000070e800000, 0x000000070e800000| Untracked 
| 217|0x000000070e900000, 0x000000070e900000, 0x000000070ea00000|  0%| F|  |TAMS 0x000000070e900000, 0x000000070e900000| Untracked 
| 218|0x000000070ea00000, 0x000000070ea00000, 0x000000070eb00000|  0%| F|  |TAMS 0x000000070ea00000, 0x000000070ea00000| Untracked 
| 219|0x000000070eb00000, 0x000000070eb00000, 0x000000070ec00000|  0%| F|  |TAMS 0x000000070eb00000, 0x000000070eb00000| Untracked 
| 220|0x000000070ec00000, 0x000000070ec00000, 0x000000070ed00000|  0%| F|  |TAMS 0x000000070ec00000, 0x000000070ec00000| Untracked 
| 221|0x000000070ed00000, 0x000000070ed00000, 0x000000070ee00000|  0%| F|  |TAMS 0x000000070ed00000, 0x000000070ed00000| Untracked 
| 222|0x000000070ee00000, 0x000000070ee00000, 0x000000070ef00000|  0%| F|  |TAMS 0x000000070ee00000, 0x000000070ee00000| Untracked 
| 223|0x000000070ef00000, 0x000000070ef00000, 0x000000070f000000|  0%| F|  |TAMS 0x000000070ef00000, 0x000000070ef00000| Untracked 
| 224|0x000000070f000000, 0x000000070f000000, 0x000000070f100000|  0%| F|  |TAMS 0x000000070f000000, 0x000000070f000000| Untracked 
| 225|0x000000070f100000, 0x000000070f100000, 0x000000070f200000|  0%| F|  |TAMS 0x000000070f100000, 0x000000070f100000| Untracked 
| 226|0x000000070f200000, 0x000000070f200000, 0x000000070f300000|  0%| F|  |TAMS 0x000000070f200000, 0x000000070f200000| Untracked 
| 227|0x000000070f300000, 0x000000070f300000, 0x000000070f400000|  0%| F|  |TAMS 0x000000070f300000, 0x000000070f300000| Untracked 
| 228|0x000000070f400000, 0x000000070f400000, 0x000000070f500000|  0%| F|  |TAMS 0x000000070f400000, 0x000000070f400000| Untracked 
| 229|0x000000070f500000, 0x000000070f500000, 0x000000070f600000|  0%| F|  |TAMS 0x000000070f500000, 0x000000070f500000| Untracked 
| 230|0x000000070f600000, 0x000000070f600000, 0x000000070f700000|  0%| F|  |TAMS 0x000000070f600000, 0x000000070f600000| Untracked 
| 231|0x000000070f700000, 0x000000070f700000, 0x000000070f800000|  0%| F|  |TAMS 0x000000070f700000, 0x000000070f700000| Untracked 
| 232|0x000000070f800000, 0x000000070f800000, 0x000000070f900000|  0%| F|  |TAMS 0x000000070f800000, 0x000000070f800000| Untracked 
| 233|0x000000070f900000, 0x000000070f900000, 0x000000070fa00000|  0%| F|  |TAMS 0x000000070f900000, 0x000000070f900000| Untracked 
| 234|0x000000070fa00000, 0x000000070fa00000, 0x000000070fb00000|  0%| F|  |TAMS 0x000000070fa00000, 0x000000070fa00000| Untracked 
| 235|0x000000070fb00000, 0x000000070fb00000, 0x000000070fc00000|  0%| F|  |TAMS 0x000000070fb00000, 0x000000070fb00000| Untracked 
| 236|0x000000070fc00000, 0x000000070fc00000, 0x000000070fd00000|  0%| F|  |TAMS 0x000000070fc00000, 0x000000070fc00000| Untracked 
| 237|0x000000070fd00000, 0x000000070fd00000, 0x000000070fe00000|  0%| F|  |TAMS 0x000000070fd00000, 0x000000070fd00000| Untracked 
| 238|0x000000070fe00000, 0x000000070fe00000, 0x000000070ff00000|  0%| F|  |TAMS 0x000000070fe00000, 0x000000070fe00000| Untracked 
| 239|0x000000070ff00000, 0x000000070ff00000, 0x0000000710000000|  0%| F|  |TAMS 0x000000070ff00000, 0x000000070ff00000| Untracked 
| 240|0x0000000710000000, 0x0000000710100000, 0x0000000710100000|100%| S|CS|TAMS 0x0000000710000000, 0x0000000710000000| Complete 
| 241|0x0000000710100000, 0x0000000710200000, 0x0000000710200000|100%| S|CS|TAMS 0x0000000710100000, 0x0000000710100000| Complete 
| 242|0x0000000710200000, 0x0000000710200000, 0x0000000710300000|  0%| F|  |TAMS 0x0000000710200000, 0x0000000710200000| Untracked 
| 243|0x0000000710300000, 0x0000000710300000, 0x0000000710400000|  0%| F|  |TAMS 0x0000000710300000, 0x0000000710300000| Untracked 
| 244|0x0000000710400000, 0x0000000710400000, 0x0000000710500000|  0%| F|  |TAMS 0x0000000710400000, 0x0000000710400000| Untracked 
| 245|0x0000000710500000, 0x0000000710500000, 0x0000000710600000|  0%| F|  |TAMS 0x0000000710500000, 0x0000000710500000| Untracked 
| 246|0x0000000710600000, 0x0000000710600000, 0x0000000710700000|  0%| F|  |TAMS 0x0000000710600000, 0x0000000710600000| Untracked 
| 247|0x0000000710700000, 0x0000000710700000, 0x0000000710800000|  0%| F|  |TAMS 0x0000000710700000, 0x0000000710700000| Untracked 
| 248|0x0000000710800000, 0x0000000710900000, 0x0000000710900000|100%| E|  |TAMS 0x0000000710800000, 0x0000000710800000| Complete 
| 249|0x0000000710900000, 0x0000000710a00000, 0x0000000710a00000|100%| E|CS|TAMS 0x0000000710900000, 0x0000000710900000| Complete 
| 250|0x0000000710a00000, 0x0000000710b00000, 0x0000000710b00000|100%| E|CS|TAMS 0x0000000710a00000, 0x0000000710a00000| Complete 
| 251|0x0000000710b00000, 0x0000000710c00000, 0x0000000710c00000|100%| E|CS|TAMS 0x0000000710b00000, 0x0000000710b00000| Complete 
| 252|0x0000000710c00000, 0x0000000710d00000, 0x0000000710d00000|100%| E|CS|TAMS 0x0000000710c00000, 0x0000000710c00000| Complete 
| 253|0x0000000710d00000, 0x0000000710e00000, 0x0000000710e00000|100%| E|CS|TAMS 0x0000000710d00000, 0x0000000710d00000| Complete 
| 254|0x0000000710e00000, 0x0000000710f00000, 0x0000000710f00000|100%| E|CS|TAMS 0x0000000710e00000, 0x0000000710e00000| Complete 
| 255|0x0000000710f00000, 0x0000000711000000, 0x0000000711000000|100%| E|CS|TAMS 0x0000000710f00000, 0x0000000710f00000| Complete 

Card table byte_map: [0x000001e273f80000,0x000001e274780000] _byte_map_base: 0x000001e270778000

Marking Bits (Prev, Next): (CMBitMap*) 0x000001e25be9a688, (CMBitMap*) 0x000001e25be9a6c0
 Prev Bits: [0x000001e274f80000, 0x000001e278f40000)
 Next Bits: [0x000001e278f40000, 0x000001e27cf00000)

Polling page: 0x000001e25bd90000

Metaspace:

Usage:
  Non-class:     13.38 MB capacity,    13.21 MB ( 99%) used,   151.81 KB (  1%) free+waste,    24.06 KB ( <1%) overhead. 
      Class:      1.22 MB capacity,     1.10 MB ( 90%) used,   115.17 KB (  9%) free+waste,    10.50 KB ( <1%) overhead. 
       Both:     14.60 MB capacity,    14.30 MB ( 98%) used,   266.98 KB (  2%) free+waste,    34.56 KB ( <1%) overhead. 

Virtual space:
  Non-class space:       14.00 MB reserved,      13.50 MB ( 96%) committed 
      Class space:        1.00 GB reserved,       1.25 MB ( <1%) committed 
             Both:        1.01 GB reserved,      14.75 MB (  1%) committed 

Chunk freelists:
   Non-Class:  15.25 KB
       Class:  128 bytes
        Both:  15.38 KB

CodeHeap 'non-profiled nmethods': size=120064Kb used=314Kb max_used=314Kb free=119749Kb
 bounds [0x000001e26bc20000, 0x000001e26be90000, 0x000001e273160000]
CodeHeap 'profiled nmethods': size=120000Kb used=1747Kb max_used=1747Kb free=118252Kb
 bounds [0x000001e2646f0000, 0x000001e264960000, 0x000001e26bc20000]
CodeHeap 'non-nmethods': size=5696Kb used=1581Kb max_used=1594Kb free=4114Kb
 bounds [0x000001e264160000, 0x000001e2643d0000, 0x000001e2646f0000]
 total_blobs=2212 nmethods=992 adapters=937
 compilation: enabled
              stopped_count=0, restarted_count=0
 full_count=0

Compilation events (10 events):
Event: 894.453 Thread 0x000001e2000cf000 nmethod 998 0x000001e26bc6e090 code [0x000001e26bc6e220, 0x000001e26bc6e278]
Event: 894.453 Thread 0x000001e20007d000 nmethod 993 0x000001e2648a1410 code [0x000001e2648a1640, 0x000001e2648a1f20]
Event: 894.453 Thread 0x000001e20007d000  994       3       jdk.internal.reflect.UnsafeFieldAccessorImpl::ensureObj (23 bytes)
Event: 894.454 Thread 0x000001e20007d000 nmethod 994 0x000001e2648a2210 code [0x000001e2648a2440, 0x000001e2648a2c00]
Event: 894.454 Thread 0x000001e20007d000  995       3       org.lwjgl.PointerBuffer::put (24 bytes)
Event: 894.454 Thread 0x000001e20007d000 nmethod 995 0x000001e2648a2f10 code [0x000001e2648a3120, 0x000001e2648a3670]
Event: 894.454 Thread 0x000001e20007d000  996       3       org.lwjgl.system.Checks::check (17 bytes)
Event: 894.454 Thread 0x000001e20007d000 nmethod 996 0x000001e2648a3910 code [0x000001e2648a3b00, 0x000001e2648a3ed0]
Event: 894.454 Thread 0x000001e20007d000  997       3       org.lwjgl.system.CheckIntrinsics::checkIndex (6 bytes)
Event: 894.455 Thread 0x000001e20007d000 nmethod 997 0x000001e2648a4090 code [0x000001e2648a42c0, 0x000001e2648a4a50]

GC Heap History (2 events):
Event: 894.318 GC heap before
{Heap before GC invocations=0 (full 0):
 garbage-first heap   total 262144K, used 13312K [0x0000000701000000, 0x0000000800000000)
  region size 1024K, 14 young (14336K), 0 survivors (0K)
 Metaspace       used 12131K, capacity 12451K, committed 12672K, reserved 1060864K
  class space    used 1021K, capacity 1117K, committed 1152K, reserved 1048576K
}
Event: 894.325 GC heap after
{Heap after GC invocations=1 (full 0):
 garbage-first heap   total 262144K, used 3617K [0x0000000701000000, 0x0000000800000000)
  region size 1024K, 2 young (2048K), 2 survivors (2048K)
 Metaspace       used 12131K, capacity 12451K, committed 12672K, reserved 1060864K
  class space    used 1021K, capacity 1117K, committed 1152K, reserved 1048576K
}

Deoptimization events (3 events):
Event: 0.378 Thread 0x000001e25be39800 Uncommon trap: reason=unstable_if action=reinterpret pc=0x000001e26bc2581c method=java.lang.String.hashCode()I @ 14 c2
Event: 893.678 Thread 0x000001e200604800 Uncommon trap: reason=unstable_if action=reinterpret pc=0x000001e26bc48d5c method=java.lang.invoke.LambdaForm$Name.replaceNames([Ljava/lang/invoke/LambdaForm$Name;[Ljava/lang/invoke/LambdaForm$Name;II)Ljava/lang/invoke/LambdaForm$Name; @ 3 c2
Event: 893.689 Thread 0x000001e200604800 Uncommon trap: reason=unstable_if action=reinterpret pc=0x000001e26bc4bc04 method=java.io.WinNTFileSystem.isSlash(C)Z @ 9 c2

Classes redefined (0 events):
No events

Internal exceptions (10 events):
Event: 893.680 Thread 0x000001e200604800 Exception <a 'java/lang/NoSuchMethodError'{0x0000000710775878}: java.lang.invoke.DelegatingMethodHandle$Holder.delegate(Ljava/lang/Object;Ljava/lang/Object;ILjava/lang/Object;)V> (0x0000000710775878) thrown at [t:/workspace/open/src/hotspot/share/interpre
Event: 893.681 Thread 0x000001e200604800 Exception <a 'java/lang/NoSuchMethodError'{0x000000071077cd38}: java.lang.invoke.DirectMethodHandle$Holder.invokeStaticInit(Ljava/lang/Object;Ljava/lang/Object;Ljava/lang/Object;)Ljava/lang/Object;> (0x000000071077cd38) thrown at [t:/workspace/open/src/ho
Event: 893.708 Thread 0x000001e200604800 Exception <a 'sun/nio/fs/WindowsException'{0x00000007107e2a40}> (0x00000007107e2a40) thrown at [t:/workspace/open/src/hotspot/share/prims/jni.cpp, line 615]
Event: 893.708 Thread 0x000001e200604800 Exception <a 'sun/nio/fs/WindowsException'{0x00000007107e2fc8}> (0x00000007107e2fc8) thrown at [t:/workspace/open/src/hotspot/share/prims/jni.cpp, line 615]
Event: 893.723 Thread 0x000001e200604800 Exception <a 'sun/nio/fs/WindowsException'{0x000000071063bb08}> (0x000000071063bb08) thrown at [t:/workspace/open/src/hotspot/share/prims/jni.cpp, line 615]
Event: 893.723 Thread 0x000001e200604800 Exception <a 'sun/nio/fs/WindowsException'{0x000000071063bea8}> (0x000000071063bea8) thrown at [t:/workspace/open/src/hotspot/share/prims/jni.cpp, line 615]
Event: 894.173 Thread 0x000001e200604800 Exception <a 'sun/nio/fs/WindowsException'{0x00000007105f6fd0}> (0x00000007105f6fd0) thrown at [t:/workspace/open/src/hotspot/share/prims/jni.cpp, line 615]
Event: 894.174 Thread 0x000001e200604800 Exception <a 'sun/nio/fs/WindowsException'{0x00000007105f73b0}> (0x00000007105f73b0) thrown at [t:/workspace/open/src/hotspot/share/prims/jni.cpp, line 615]
Event: 894.176 Thread 0x000001e200604800 Exception <a 'sun/nio/fs/WindowsException'{0x0000000710409770}> (0x0000000710409770) thrown at [t:/workspace/open/src/hotspot/share/prims/jni.cpp, line 615]
Event: 894.176 Thread 0x000001e200604800 Exception <a 'sun/nio/fs/WindowsException'{0x0000000710409a88}> (0x0000000710409a88) thrown at [t:/workspace/open/src/hotspot/share/prims/jni.cpp, line 615]

Events (10 events):
Event: 894.467 Thread 0x000001e200604800 DEOPT PACKING pc=0x000001e26486a8ac sp=0x000000c6103fd3e0
Event: 894.467 Thread 0x000001e200604800 DEOPT UNPACKING pc=0x000001e26419d6ce sp=0x000000c6103fc890 mode 1
Event: 894.468 loading class Tick
Event: 894.468 loading class Tick done
Event: 894.468 Thread 0x000001e200604800 DEOPT PACKING pc=0x000001e26486a8ac sp=0x000000c6103fd370
Event: 894.468 Thread 0x000001e200604800 DEOPT UNPACKING pc=0x000001e26419d6ce sp=0x000000c6103fc820 mode 1
Event: 894.468 loading class constantTick
Event: 894.468 loading class constantTick done
Event: 894.468 Thread 0x000001e200604800 DEOPT PACKING pc=0x000001e26486a8ac sp=0x000000c6103fd370
Event: 894.468 Thread 0x000001e200604800 DEOPT UNPACKING pc=0x000001e26419d6ce sp=0x000000c6103fc820 mode 1


Dynamic libraries:
0x00007ff682ca0000 - 0x00007ff682ce5000 	C:\Program Files\BlueJ\jdk\bin\java.exe
0x00007ffda4c50000 - 0x00007ffda4e46000 	C:\Windows\SYSTEM32\ntdll.dll
0x00007ffda3f10000 - 0x00007ffda3fcd000 	C:\Windows\System32\KERNEL32.DLL
0x00007ffda2940000 - 0x00007ffda2c09000 	C:\Windows\System32\KERNELBASE.dll
0x00007ffda31d0000 - 0x00007ffda3370000 	C:\Windows\System32\USER32.dll
0x00007ffda2910000 - 0x00007ffda2932000 	C:\Windows\System32\win32u.dll
0x00007ffda2d60000 - 0x00007ffda2d8a000 	C:\Windows\System32\GDI32.dll
0x00007ffda2750000 - 0x00007ffda285b000 	C:\Windows\System32\gdi32full.dll
0x00007ffda2c10000 - 0x00007ffda2cad000 	C:\Windows\System32\msvcp_win.dll
0x00007ffda2390000 - 0x00007ffda2490000 	C:\Windows\System32\ucrtbase.dll
0x00007ffd941a0000 - 0x00007ffd9443b000 	C:\Windows\WinSxS\amd64_microsoft.windows.common-controls_6595b64144ccf1df_6.0.19041.746_none_ca02b4b61b8320a4\COMCTL32.dll
0x00007ffda33d0000 - 0x00007ffda346e000 	C:\Windows\System32\msvcrt.dll
0x00007ffda2d90000 - 0x00007ffda2dc0000 	C:\Windows\System32\IMM32.DLL
0x00007ffd8d180000 - 0x00007ffd8d196000 	C:\Program Files\BlueJ\jdk\bin\vcruntime140.dll
0x00007ffd37760000 - 0x00007ffd3780a000 	C:\Program Files\BlueJ\jdk\bin\msvcp140.dll
0x00007ffd35f80000 - 0x00007ffd36aa3000 	C:\Program Files\BlueJ\jdk\bin\server\jvm.dll
0x00007ffda49b0000 - 0x00007ffda4a5c000 	C:\Windows\System32\ADVAPI32.dll
0x00007ffda2cc0000 - 0x00007ffda2d5c000 	C:\Windows\System32\sechost.dll
0x00007ffda35c0000 - 0x00007ffda36eb000 	C:\Windows\System32\RPCRT4.dll
0x00007ffda38b0000 - 0x00007ffda38b8000 	C:\Windows\System32\PSAPI.DLL
0x00007ffd88360000 - 0x00007ffd88369000 	C:\Windows\SYSTEM32\WSOCK32.dll
0x00007ffd98a70000 - 0x00007ffd98a97000 	C:\Windows\SYSTEM32\WINMM.dll
0x00007ffd99460000 - 0x00007ffd9946a000 	C:\Windows\SYSTEM32\VERSION.dll
0x00007ffda4030000 - 0x00007ffda409b000 	C:\Windows\System32\WS2_32.dll
0x00007ffda0c80000 - 0x00007ffda0c92000 	C:\Windows\SYSTEM32\kernel.appcore.dll
0x00007ffd8ce30000 - 0x00007ffd8ce41000 	C:\Program Files\BlueJ\jdk\bin\verify.dll
0x00007ffda02d0000 - 0x00007ffda04b4000 	C:\Windows\SYSTEM32\DBGHELP.DLL
0x00007ffd848f0000 - 0x00007ffd8491c000 	C:\Windows\SYSTEM32\dbgcore.DLL
0x00007ffda2860000 - 0x00007ffda28e0000 	C:\Windows\System32\bcryptPrimitives.dll
0x00007ffd89f80000 - 0x00007ffd89fa8000 	C:\Program Files\BlueJ\jdk\bin\java.dll
0x00007ffd887c0000 - 0x00007ffd887f7000 	C:\Program Files\BlueJ\jdk\bin\jdwp.dll
0x00007ffd8c960000 - 0x00007ffd8c976000 	C:\Program Files\BlueJ\jdk\bin\zip.dll
0x00007ffd9dda0000 - 0x00007ffd9ddaa000 	C:\Program Files\BlueJ\jdk\bin\jimage.dll
0x00007ffda4180000 - 0x00007ffda48c2000 	C:\Windows\System32\SHELL32.dll
0x00007ffda04e0000 - 0x00007ffda0c70000 	C:\Windows\SYSTEM32\windows.storage.dll
0x00007ffda2e70000 - 0x00007ffda31c6000 	C:\Windows\System32\combase.dll
0x00007ffda1df0000 - 0x00007ffda1e1c000 	C:\Windows\SYSTEM32\Wldp.dll
0x00007ffda40a0000 - 0x00007ffda414e000 	C:\Windows\System32\SHCORE.dll
0x00007ffda3fd0000 - 0x00007ffda4025000 	C:\Windows\System32\shlwapi.dll
0x00007ffda22c0000 - 0x00007ffda22e6000 	C:\Windows\SYSTEM32\profapi.dll
0x00007ffd8d150000 - 0x00007ffd8d15b000 	C:\Program Files\BlueJ\jdk\bin\dt_shmem.dll
0x00007ffd89f60000 - 0x00007ffd89f79000 	C:\Program Files\BlueJ\jdk\bin\net.dll
0x00007ffd95940000 - 0x00007ffd95b2e000 	C:\Windows\SYSTEM32\urlmon.dll
0x00007ffd9c690000 - 0x00007ffd9c790000 	C:\Windows\SYSTEM32\WINHTTP.dll
0x00007ffd94580000 - 0x00007ffd94830000 	C:\Windows\SYSTEM32\iertutil.dll
0x00007ffda1b70000 - 0x00007ffda1bda000 	C:\Windows\system32\mswsock.dll
0x00007ffd89f40000 - 0x00007ffd89f53000 	C:\Program Files\BlueJ\jdk\bin\nio.dll
0x00007ffd37a10000 - 0x00007ffd37bae000 	C:\Program Files\BlueJ\jdk\bin\awt.dll
0x00007ffda34f0000 - 0x00007ffda35bd000 	C:\Windows\System32\OLEAUT32.dll
0x00007ffd9e8e0000 - 0x00007ffd9eea0000 	C:\Windows\SYSTEM32\d2d1.dll
0x00007ffd9f9a0000 - 0x00007ffd9fa30000 	C:\Windows\SYSTEM32\apphelp.dll
0x00007ffd9fad0000 - 0x00007ffd9fb6e000 	C:\Windows\system32\uxtheme.dll
0x00007ffda3df0000 - 0x00007ffda3f05000 	C:\Windows\System32\MSCTF.dll
0x00007ffda36f0000 - 0x00007ffda381a000 	C:\Windows\System32\ole32.dll
0x00007ffd886e0000 - 0x00007ffd88744000 	C:\Users\christophe\AppData\Local\Temp\lwjglchristophe\3.2.3-build-13\lwjgl.dll
0x00007ffd3a3f0000 - 0x00007ffd3a452000 	C:\Users\CHRIST~1\AppData\Local\Temp\lwjglchristophe\3.2.3-build-13\glfw.dll
0x00007ffd540b0000 - 0x00007ffd540f5000 	C:\Windows\SYSTEM32\dinput8.dll
0x00007ffd6dcf0000 - 0x00007ffd6dd01000 	C:\Windows\SYSTEM32\xinput1_4.dll
0x00007ffda2650000 - 0x00007ffda269e000 	C:\Windows\System32\cfgmgr32.dll
0x00007ffda2130000 - 0x00007ffda215c000 	C:\Windows\SYSTEM32\DEVOBJ.dll
0x00007ffd9fd40000 - 0x00007ffd9fd6f000 	C:\Windows\SYSTEM32\dwmapi.dll
0x00007ffd94fa0000 - 0x00007ffd950f2000 	C:\Windows\SYSTEM32\inputhost.dll
0x00007ffd9f770000 - 0x00007ffd9f862000 	C:\Windows\SYSTEM32\CoreMessaging.dll
0x00007ffd9d740000 - 0x00007ffd9d837000 	C:\Windows\SYSTEM32\PROPSYS.dll
0x00007ffd9e0b0000 - 0x00007ffd9e204000 	C:\Windows\SYSTEM32\wintypes.dll
0x00007ffd9f090000 - 0x00007ffd9f3ee000 	C:\Windows\SYSTEM32\CoreUIComponents.dll
0x00007ffda10d0000 - 0x00007ffda1103000 	C:\Windows\SYSTEM32\ntmarta.dll
0x00007ffda0c70000 - 0x00007ffda0c7d000 	C:\Windows\SYSTEM32\HID.DLL
0x00007ffda38c0000 - 0x00007ffda3d27000 	C:\Windows\System32\SETUPAPI.DLL
0x00007ffda28e0000 - 0x00007ffda2907000 	C:\Windows\System32\bcrypt.dll
0x00007ffda2490000 - 0x00007ffda24f0000 	C:\Windows\System32\WINTRUST.dll
0x00007ffda24f0000 - 0x00007ffda2646000 	C:\Windows\System32\CRYPT32.dll
0x00007ffda1f70000 - 0x00007ffda1f82000 	C:\Windows\SYSTEM32\MSASN1.dll
0x00007ffd516d0000 - 0x00007ffd517f5000 	C:\Windows\SYSTEM32\opengl32.dll
0x00007ffd66120000 - 0x00007ffd6614c000 	C:\Windows\SYSTEM32\GLU32.dll
0x00007ffda2dc0000 - 0x00007ffda2e69000 	C:\Windows\System32\clbcatq.dll
0x00007ffd9c950000 - 0x00007ffd9ca4b000 	C:\Windows\System32\AppXDeploymentClient.dll
0x00007ffd3a6d0000 - 0x00007ffd3d0ac000 	C:\Windows\System32\DriverStore\FileRepository\nv_dispi.inf_amd64_3784df9edffd3314\nvoglv64.dll
0x00007ffd9d990000 - 0x00007ffd9d9a4000 	C:\Windows\SYSTEM32\WTSAPI32.dll
0x00007ffd98bd0000 - 0x00007ffd98c01000 	C:\Windows\SYSTEM32\cryptnet.dll
0x00007ffda1d40000 - 0x00007ffda1d4c000 	C:\Windows\SYSTEM32\cryptbase.dll
0x00007ffd99470000 - 0x00007ffd994ab000 	C:\Windows\SYSTEM32\dxcore.dll
0x00007ffd7b3a0000 - 0x00007ffd7b659000 	C:\Windows\system32\nvspcap64.dll
0x00007ffda1980000 - 0x00007ffda19cb000 	C:\Windows\SYSTEM32\powrprof.dll
0x00007ffda17f0000 - 0x00007ffda1802000 	C:\Windows\SYSTEM32\UMPDC.dll
0x00007ffda1180000 - 0x00007ffda11da000 	C:\Windows\SYSTEM32\WINSTA.dll
0x00007ffd95100000 - 0x00007ffd951fb000 	C:\Windows\SYSTEM32\textinputframework.dll
0x00007ffd93c70000 - 0x00007ffd93cd6000 	C:\Windows\system32\Oleacc.dll
0x00007ffd371a0000 - 0x00007ffd371f9000 	C:\Users\christophe\AppData\Local\Temp\lwjglchristophe\3.2.3-build-13\lwjgl_opengl.dll

dbghelp: loaded successfully - version: 4.0.5 - missing functions: none
symbol engine: initialized successfully - sym options: 0x614 - pdb path: .;C:\Program Files\BlueJ\jdk\bin;C:\Windows\SYSTEM32;C:\Windows\WinSxS\amd64_microsoft.windows.common-controls_6595b64144ccf1df_6.0.19041.746_none_ca02b4b61b8320a4;C:\Program Files\BlueJ\jdk\bin\server;C:\Users\christophe\AppData\Local\Temp\lwjglchristophe\3.2.3-build-13;C:\Users\CHRIST~1\AppData\Local\Temp\lwjglchristophe\3.2.3-build-13;C:\Windows\System32\DriverStore\FileRepository\nv_dispi.inf_amd64_3784df9edffd3314

VM Arguments:
jvm_args: -ea -agentlib:jdwp=transport=dt_shmem,address=javadebug -Dfile.encoding=UTF-8 
java_command: bluej.runtime.ExecServer UTF-8
java_class_path (initial): C:\Program Files\BlueJ\lib\bluejcore.jar;C:\Program Files\BlueJ\lib\junit-4.12.jar;C:\Program Files\BlueJ\lib\junit-jupiter-5.5.2.jar;C:\Program Files\BlueJ\lib\junit-jupiter-api-5.5.2.jar;C:\Program Files\BlueJ\lib\junit-jupiter-engine-5.5.2.jar;C:\Program Files\BlueJ\lib\junit-jupiter-migrationsupport-5.5.2.jar;C:\Program Files\BlueJ\lib\junit-jupiter-params-5.5.2.jar;C:\Program Files\BlueJ\lib\junit-platform-commons-1.5.2.jar;C:\Program Files\BlueJ\lib\junit-platform-console-1.5.2.jar;C:\Program Files\BlueJ\lib\junit-platform-console-standalone-1.5.2.jar;C:\Program Files\BlueJ\lib\junit-platform-engine-1.5.2.jar;C:\Program Files\BlueJ\lib\junit-platform-launcher-1.5.2.jar;C:\Program Files\BlueJ\lib\junit-platform-reporting-1.5.2.jar;C:\Program Files\BlueJ\lib\junit-platform-runner-1.5.2.jar;C:\Program Files\BlueJ\lib\junit-platform-suite-api-1.5.2.jar;C:\Program Files\BlueJ\lib\junit-platform-testkit-1.5.2.jar;C:\Program Files\BlueJ\lib\junit-quickcheck-core-0.9.jar;C:\Program Files\BlueJ\lib\junit-vintage-engine-5.5.2.jar;C:\Program Files\BlueJ\lib\hamcrest-core-1.3.jar;C:\Program Files\BlueJ\lib\hamcrest-library-1.3.jar;C:\Program Files\BlueJ\lib\lang-stride.jar;C:\Program Files\BlueJ\lib\javafx\lib\javafx.base.jar;C:\Program Files\BlueJ\lib\javafx\lib\javafx.controls.jar;C:\Program Files\BlueJ\lib\javafx\lib\javafx.fxml.jar;C:\Program Files\BlueJ\lib\javafx\lib\javafx.graphics.jar;C:\Program Files\BlueJ\lib\javafx\lib\javafx.media.jar;C:\Program Files\BlueJ\lib\javafx\lib\javafx.properties.jar;C:\Program Files\BlueJ\lib\javafx\lib\javafx.swing.jar;C:\Program Files\BlueJ\lib\javafx\lib\javafx.web.jar;C:\Program Files\BlueJ\lib\javafx\lib\javafx.base.jar;C:\Program Files\BlueJ\lib\javafx\lib\javafx.controls.jar;C:\Program Files\BlueJ\lib\javafx\lib\javafx.fxml.jar;C:\Program Files\BlueJ\lib\javafx\lib\javafx.graphics.jar;C:\Program Files\BlueJ\lib\javafx\lib\javafx.media.jar;C:\Program Files\BlueJ\lib\javafx\lib\javafx.properties.jar
Launcher Type: SUN_STANDARD

[Global flags]
     intx CICompilerCount                          = 3                                         {product} {ergonomic}
     uint ConcGCThreads                            = 1                                         {product} {ergonomic}
     uint G1ConcRefinementThreads                  = 4                                         {product} {ergonomic}
   size_t G1HeapRegionSize                         = 1048576                                   {product} {ergonomic}
    uintx GCDrainStackTargetSize                   = 64                                        {product} {ergonomic}
   size_t InitialHeapSize                          = 268435456                                 {product} {ergonomic}
   size_t MarkStackSize                            = 4194304                                   {product} {ergonomic}
   size_t MaxHeapSize                              = 4278190080                                {product} {ergonomic}
   size_t MaxNewSize                               = 2566914048                                {product} {ergonomic}
   size_t MinHeapDeltaBytes                        = 1048576                                   {product} {ergonomic}
    uintx NonNMethodCodeHeapSize                   = 5830092                                {pd product} {ergonomic}
    uintx NonProfiledCodeHeapSize                  = 122914074                              {pd product} {ergonomic}
    uintx ProfiledCodeHeapSize                     = 122914074                              {pd product} {ergonomic}
    uintx ReservedCodeCacheSize                    = 251658240                              {pd product} {ergonomic}
     bool SegmentedCodeCache                       = true                                      {product} {ergonomic}
     bool UseCompressedClassPointers               = true                                 {lp64_product} {ergonomic}
     bool UseCompressedOops                        = true                                 {lp64_product} {ergonomic}
     bool UseG1GC                                  = true                                      {product} {ergonomic}
     bool UseLargePagesIndividualAllocation        = false                                  {pd product} {ergonomic}

Logging:
Log output configuration:
 #0: stdout all=warning uptime,level,tags
 #1: stderr all=off uptime,level,tags

Environment Variables:
PATH=C:\Program Files (x86)\Razer Chroma SDK\bin;C:\Program Files\Razer Chroma SDK\bin;C:\Program Files (x86)\Razer\ChromaBroadcast\bin;C:\Program Files\Razer\ChromaBroadcast\bin;C:\Program Files\Oculus\Support\oculus-runtime;C:\Program Files (x86)\Common Files\Intel\Shared Libraries\redist\intel64\compiler;C:\Program Files\AdoptOpenJDK\jre-11.0.8.10-hotspot\bin;C:\Windows\system32;C:\Windows;C:\Windows\System32\Wbem;C:\Windows\System32\WindowsPowerShell\v1.0\;C:\Windows\System32\OpenSSH\;C:\Program Files\PuTTY\;C:\Program Files\Microsoft VS Code\bin;C:\Program Files\NVIDIA Corporation\NVIDIA NvDLISR;C:\Windows\system32\config\systemprofile\AppData\Local\Microsoft\WindowsApps;;C:\Program Files (x86)\NVIDIA Corporation\PhysX\Common;C:\Users\christophe\AppData\Local\Microsoft\WindowsApps;C:\Users\christophe\AppData\Local\GitHubDesktop\bin
USERNAME=christophe
OS=Windows_NT
PROCESSOR_IDENTIFIER=Intel64 Family 6 Model 94 Stepping 3, GenuineIntel



---------------  S Y S T E M  ---------------

OS: Windows 10 , 64 bit Build 19041 (10.0.19041.804)

CPU:total 4 (initial active 4) (4 cores per cpu, 1 threads per core) family 6 model 94 stepping 3, cmov, cx8, fxsr, mmx, sse, sse2, sse3, ssse3, sse4.1, sse4.2, popcnt, avx, avx2, aes, clmul, erms, rtm, 3dnowpref, lzcnt, tsc, tscinvbit, bmi1, bmi2, adx, fma

Memory: 4k page, system-wide physical 16314M (8543M free)
TotalPageFile size 26042M (AvailPageFile size 12803M)
current process WorkingSet (physical memory assigned to process): 110M, peak: 110M
current process commit charge ("private bytes"): 390M, peak: 390M

vm_info: OpenJDK 64-Bit Server VM (11.0.2+9) for windows-amd64 JRE (11.0.2+9), built on Jan 18 2019 05:23:22 by "mach5one" with MS VC++ 15.5 (VS2017)

END.
