#
# A fatal error has been detected by the Java Runtime Environment:
#
#  EXCEPTION_ACCESS_VIOLATION (0xc0000005) at pc=0x00007ffb9e5ce360, pid=17332, tid=2116
#
# JRE version: OpenJDK Runtime Environment (11.0.2+9) (build 11.0.2+9)
# Java VM: OpenJDK 64-Bit Server VM (11.0.2+9, mixed mode, tiered, compressed oops, g1 gc, windows-amd64)
# Problematic frame:
# C  [nvoglv64.dll+0x113e360]
#
# No core dump will be written. Minidumps are not enabled by default on client versions of Windows
#
# If you would like to submit a bug report, please visit:
#   http://bugreport.java.com/bugreport/crash.jsp
# The crash happened outside the Java Virtual Machine in native code.
# See problematic frame for where to report the bug.
#

---------------  S U M M A R Y ------------

Command Line: -ea -agentlib:jdwp=transport=dt_shmem,address=javadebug -Dfile.encoding=UTF-8 bluej.runtime.ExecServer UTF-8

Host: Intel(R) Core(TM) i5-6600 CPU @ 3.30GHz, 4 cores, 15G,  Windows 10 , 64 bit Build 19041 (10.0.19041.804)
Time: Sun Mar 21 09:33:14 2021 Romance Standard Time elapsed time: 118 seconds (0d 0h 1m 58s)

---------------  T H R E A D  ---------------

Current thread (0x00000274681b7800):  JavaThread "main" [_thread_in_native, id=2116, stack(0x000000919b800000,0x000000919b900000)]

Stack: [0x000000919b800000,0x000000919b900000],  sp=0x000000919b8fe488,  free space=1017k
Native frames: (J=compiled Java code, j=interpreted, Vv=VM code, C=native code)
C  [nvoglv64.dll+0x113e360]

Java frames: (J=compiled Java code, j=interpreted, Vv=VM code)
j  org.lwjgl.opengl.GL11C.nglDrawElements(IIIJ)V+0
j  org.lwjgl.opengl.GL11C.glDrawElements(IIIJ)V+4
j  org.lwjgl.opengl.GL11.glDrawElements(IIIJ)V+4
j  Renderer.render(LRawModel;)V+24
j  Engine.loop()V+169
j  main.main()V+3
j  __SHELL33.run()V+17
v  ~StubRoutines::call_stub
j  jdk.internal.reflect.NativeMethodAccessorImpl.invoke0(Ljava/lang/reflect/Method;Ljava/lang/Object;[Ljava/lang/Object;)Ljava/lang/Object;+0 java.base@11.0.2
j  jdk.internal.reflect.NativeMethodAccessorImpl.invoke(Ljava/lang/Object;[Ljava/lang/Object;)Ljava/lang/Object;+100 java.base@11.0.2
j  jdk.internal.reflect.DelegatingMethodAccessorImpl.invoke(Ljava/lang/Object;[Ljava/lang/Object;)Ljava/lang/Object;+6 java.base@11.0.2
j  java.lang.reflect.Method.invoke(Ljava/lang/Object;[Ljava/lang/Object;)Ljava/lang/Object;+59 java.base@11.0.2
j  bluej.runtime.ExecServer$3.lambda$run$0(Ljava/lang/reflect/Method;)V+6
j  bluej.runtime.ExecServer$3$$Lambda$15.run()V+4
j  bluej.runtime.ExecServer.runOnTargetThread(Lbluej/runtime/ExecServer$RunnableThrows;)V+7
j  bluej.runtime.ExecServer$3.run()V+134
v  ~StubRoutines::call_stub

siginfo: EXCEPTION_ACCESS_VIOLATION (0xc0000005), reading address 0x0000000000000000


Register to memory mapping:

RIP=0x00007ffb9e5ce360 nvoglv64.dll
RAX=0x0000000000022006 is an unknown value
RBX=0x000002746bfa073c points into unknown readable memory: 06 20 02 00
RCX=0x000002746bfa0758 points into unknown readable memory: 00 00 00 00 00 00 00 00
RDX=0x0 is NULL
RSP=0x000000919b8fe488 is pointing into the stack for thread: 0x00000274681b7800
RBP=0x0000000000000044 is an unknown value
RSI=0x0000000000000006 is an unknown value
RDI=0x00000274698cb080 points into unknown readable memory: 00 00 00 00 00 00 00 00
R8 =0x0000000000000018 is an unknown value
R9 =0x000002746bfa073c points into unknown readable memory: 06 20 02 00
R10=0x0 is NULL
R11=0x000002746bfa0758 points into unknown readable memory: 00 00 00 00 00 00 00 00
R12=0x0000000000000004 is an unknown value
R13=0x0000000000001405 is an unknown value
R14=0x0 is NULL
R15=0x00000274681b7800 is a thread


Registers:
RAX=0x0000000000022006, RBX=0x000002746bfa073c, RCX=0x000002746bfa0758, RDX=0x0000000000000000
RSP=0x000000919b8fe488, RBP=0x0000000000000044, RSI=0x0000000000000006, RDI=0x00000274698cb080
R8 =0x0000000000000018, R9 =0x000002746bfa073c, R10=0x0000000000000000, R11=0x000002746bfa0758
R12=0x0000000000000004, R13=0x0000000000001405, R14=0x0000000000000000, R15=0x00000274681b7800
RIP=0x00007ffb9e5ce360, EFLAGS=0x0000000000010283

Top of Stack: (sp=0x000000919b8fe488)
0x000000919b8fe488:   00007ffb9dc6777c 00000274681b7800
0x000000919b8fe498:   00000274681b7800 000002746803e870
0x000000919b8fe4a8:   00007ffbb4ec9473 000000919b8feb80
0x000000919b8fe4b8:   0000000000000002 0000000000000002
0x000000919b8fe4c8:   000002744c4d06d8 000002746f33bdb8
0x000000919b8fe4d8:   00000274681b7800 000002744c47c9ac
0x000000919b8fe4e8:   000002744c4859a1 000000919b8fe5f0
0x000000919b8fe4f8:   000002746f33bdb8 0000000000000000
0x000000919b8fe508:   000002744c47c9ac 0000000000000002
0x000000919b8fe518:   000002744c485cd6 000000919b8fe5b0
0x000000919b8fe528:   00007ffb00000018 00000274681b7800
0x000000919b8fe538:   000002746f33bdb8 0000027400001405
0x000000919b8fe548:   0000000000000000 0000000000000002
0x000000919b8fe558:   00007ffbb5126204 000002744c4855b6
0x000000919b8fe568:   000000919b8fe568 000002746f33bdb8
0x000000919b8fe578:   000000919b8fe5f0 000002746f346d08 

Instructions: (pc=0x00007ffb9e5ce360)
0x00007ffb9e5ce340:   dc 02 00 00 49 81 f8 80 00 00 00 0f 86 0f 02 00
0x00007ffb9e5ce350:   00 f6 05 f0 a3 6b 01 02 0f 84 52 01 00 00 eb a0
0x00007ffb9e5ce360:   0f 10 02 42 0f 10 4c 02 f0 0f 11 01 42 0f 11 4c
0x00007ffb9e5ce370:   01 f0 48 8b c1 c3 66 66 0f 1f 84 00 00 00 00 00 


Stack slot to memory mapping:
stack at sp + 0 slots: 0x00007ffb9dc6777c nvoglv64.dll
stack at sp + 1 slots: 0x00000274681b7800 is a thread
stack at sp + 2 slots: 0x00000274681b7800 is a thread
stack at sp + 3 slots: 0x000002746803e870 points into unknown readable memory: 02 00 00 00 00 00 00 00
stack at sp + 4 slots: 0x00007ffbb4ec9473 jvm.dll
stack at sp + 5 slots: 0x000000919b8feb80 is pointing into the stack for thread: 0x00000274681b7800
stack at sp + 6 slots: 0x0000000000000002 is an unknown value
stack at sp + 7 slots: 0x0000000000000002 is an unknown value


---------------  P R O C E S S  ---------------

Threads class SMR info:
_java_thread_list=0x00000274683b91f0, length=18, elements={
0x000002746710b800, 0x000002746710c800, 0x00000274679f3800, 0x00000274679f4800,
0x00000274679fb000, 0x00000274679fe000, 0x00000274679aa800, 0x0000027467b55000,
0x0000027467b5e000, 0x0000027467b62800, 0x0000027467b6f000, 0x0000027467b8d800,
0x00000274680d3000, 0x0000027468055000, 0x000002746804f000, 0x0000027444151000,
0x00000274681b7800, 0x0000027467f8e800
}

Java Threads: ( => current thread )
  0x000002746710b800 JavaThread "Reference Handler" daemon [_thread_blocked, id=8600, stack(0x000000919c200000,0x000000919c300000)]
  0x000002746710c800 JavaThread "Finalizer" daemon [_thread_blocked, id=16992, stack(0x000000919c300000,0x000000919c400000)]
  0x00000274679f3800 JavaThread "Signal Dispatcher" daemon [_thread_blocked, id=1936, stack(0x000000919c400000,0x000000919c500000)]
  0x00000274679f4800 JavaThread "Attach Listener" daemon [_thread_blocked, id=15872, stack(0x000000919c500000,0x000000919c600000)]
  0x00000274679fb000 JavaThread "C2 CompilerThread0" daemon [_thread_blocked, id=404, stack(0x000000919c600000,0x000000919c700000)]
  0x00000274679fe000 JavaThread "C1 CompilerThread0" daemon [_thread_blocked, id=13808, stack(0x000000919c700000,0x000000919c800000)]
  0x00000274679aa800 JavaThread "Sweeper thread" daemon [_thread_blocked, id=16436, stack(0x000000919c800000,0x000000919c900000)]
  0x0000027467b55000 JavaThread "JDWP Transport Listener: dt_shmem" daemon [_thread_blocked, id=14364, stack(0x000000919c900000,0x000000919ca00000)]
  0x0000027467b5e000 JavaThread "JDWP Event Helper Thread" daemon [_thread_blocked, id=9744, stack(0x000000919ca00000,0x000000919cb00000)]
  0x0000027467b62800 JavaThread "JDWP Command Reader" daemon [_thread_in_native, id=10784, stack(0x000000919cb00000,0x000000919cc00000)]
  0x0000027467b6f000 JavaThread "Service Thread" daemon [_thread_blocked, id=6412, stack(0x000000919cc00000,0x000000919cd00000)]
  0x0000027467b8d800 JavaThread "Common-Cleaner" daemon [_thread_blocked, id=3480, stack(0x000000919ce00000,0x000000919cf00000)]
  0x00000274680d3000 JavaThread "Java2D Disposer" daemon [_thread_blocked, id=16824, stack(0x000000919d000000,0x000000919d100000)]
  0x0000027468055000 JavaThread "AWT-Windows" daemon [_thread_in_native, id=1392, stack(0x000000919d200000,0x000000919d300000)]
  0x000002746804f000 JavaThread "BlueJ worker thread" [_thread_blocked, id=7504, stack(0x000000919d400000,0x000000919d500000)]
  0x0000027444151000 JavaThread "DestroyJavaVM" [_thread_blocked, id=5172, stack(0x000000919bb00000,0x000000919bc00000)]
=>0x00000274681b7800 JavaThread "main" [_thread_in_native, id=2116, stack(0x000000919b800000,0x000000919b900000)]
  0x0000027467f8e800 JavaThread "AWT-Shutdown" [_thread_blocked, id=5832, stack(0x000000919d500000,0x000000919d600000)]

Other Threads:
  0x00000274670e6800 VMThread "VM Thread" [stack: 0x000000919c100000,0x000000919c200000] [id=9356]
  0x0000027467b78000 WatcherThread [stack: 0x000000919cd00000,0x000000919ce00000] [id=7044]
  0x0000027444167800 GCTaskThread "GC Thread#0" [stack: 0x000000919bc00000,0x000000919bd00000] [id=16112]
  0x000002746c3e5000 GCTaskThread "GC Thread#1" [stack: 0x000000919da00000,0x000000919db00000] [id=17172]
  0x000002746c3e5800 GCTaskThread "GC Thread#2" [stack: 0x000000919db00000,0x000000919dc00000] [id=2380]
  0x000002746c3ea800 GCTaskThread "GC Thread#3" [stack: 0x000000919dc00000,0x000000919dd00000] [id=9980]
  0x00000274441c5800 ConcurrentGCThread "G1 Main Marker" [stack: 0x000000919bd00000,0x000000919be00000] [id=15028]
  0x00000274441c8800 ConcurrentGCThread "G1 Conc#0" [stack: 0x000000919be00000,0x000000919bf00000] [id=6420]
  0x000002744422e800 ConcurrentGCThread "G1 Refine#0" [stack: 0x000000919bf00000,0x000000919c000000] [id=11452]
  0x0000027466fcd000 ConcurrentGCThread "G1 Young RemSet Sampling" [stack: 0x000000919c000000,0x000000919c100000] [id=10868]

Threads with active compile tasks:

VM state:not at safepoint (normal execution)

VM Mutex/Monitor currently owned by a thread: None

Heap address: 0x0000000701000000, size: 4080 MB, Compressed Oops mode: Zero based, Oop shift amount: 3
Narrow klass base: 0x0000000800000000, Narrow klass shift: 0
Compressed class space size: 1073741824 Address: 0x0000000800000000

Heap:
 garbage-first heap   total 262144K, used 11754K [0x0000000701000000, 0x0000000800000000)
  region size 1024K, 11 young (11264K), 2 survivors (2048K)
 Metaspace       used 14674K, capacity 14920K, committed 15104K, reserved 1062912K
  class space    used 1120K, capacity 1216K, committed 1280K, reserved 1048576K
Heap Regions: E=young(eden), S=young(survivor), O=old, HS=humongous(starts), HC=humongous(continues), CS=collection set, F=free, A=archive, TAMS=top-at-mark-start (previous, next)
|   0|0x0000000701000000, 0x0000000701100000, 0x0000000701100000|100%| O|  |TAMS 0x0000000701000000, 0x0000000701000000| Untracked 
|   1|0x0000000701100000, 0x000000070117a800, 0x0000000701200000| 47%| O|  |TAMS 0x0000000701100000, 0x0000000701100000| Untracked 
|   2|0x0000000701200000, 0x0000000701200000, 0x0000000701300000|  0%| F|  |TAMS 0x0000000701200000, 0x0000000701200000| Untracked 
|   3|0x0000000701300000, 0x0000000701300000, 0x0000000701400000|  0%| F|  |TAMS 0x0000000701300000, 0x0000000701300000| Untracked 
|   4|0x0000000701400000, 0x0000000701400000, 0x0000000701500000|  0%| F|  |TAMS 0x0000000701400000, 0x0000000701400000| Untracked 
|   5|0x0000000701500000, 0x0000000701500000, 0x0000000701600000|  0%| F|  |TAMS 0x0000000701500000, 0x0000000701500000| Untracked 
|   6|0x0000000701600000, 0x0000000701600000, 0x0000000701700000|  0%| F|  |TAMS 0x0000000701600000, 0x0000000701600000| Untracked 
|   7|0x0000000701700000, 0x0000000701700000, 0x0000000701800000|  0%| F|  |TAMS 0x0000000701700000, 0x0000000701700000| Untracked 
|   8|0x0000000701800000, 0x0000000701800000, 0x0000000701900000|  0%| F|  |TAMS 0x0000000701800000, 0x0000000701800000| Untracked 
|   9|0x0000000701900000, 0x0000000701900000, 0x0000000701a00000|  0%| F|  |TAMS 0x0000000701900000, 0x0000000701900000| Untracked 
|  10|0x0000000701a00000, 0x0000000701a00000, 0x0000000701b00000|  0%| F|  |TAMS 0x0000000701a00000, 0x0000000701a00000| Untracked 
|  11|0x0000000701b00000, 0x0000000701b00000, 0x0000000701c00000|  0%| F|  |TAMS 0x0000000701b00000, 0x0000000701b00000| Untracked 
|  12|0x0000000701c00000, 0x0000000701c00000, 0x0000000701d00000|  0%| F|  |TAMS 0x0000000701c00000, 0x0000000701c00000| Untracked 
|  13|0x0000000701d00000, 0x0000000701d00000, 0x0000000701e00000|  0%| F|  |TAMS 0x0000000701d00000, 0x0000000701d00000| Untracked 
|  14|0x0000000701e00000, 0x0000000701e00000, 0x0000000701f00000|  0%| F|  |TAMS 0x0000000701e00000, 0x0000000701e00000| Untracked 
|  15|0x0000000701f00000, 0x0000000701f00000, 0x0000000702000000|  0%| F|  |TAMS 0x0000000701f00000, 0x0000000701f00000| Untracked 
|  16|0x0000000702000000, 0x0000000702000000, 0x0000000702100000|  0%| F|  |TAMS 0x0000000702000000, 0x0000000702000000| Untracked 
|  17|0x0000000702100000, 0x0000000702100000, 0x0000000702200000|  0%| F|  |TAMS 0x0000000702100000, 0x0000000702100000| Untracked 
|  18|0x0000000702200000, 0x0000000702200000, 0x0000000702300000|  0%| F|  |TAMS 0x0000000702200000, 0x0000000702200000| Untracked 
|  19|0x0000000702300000, 0x0000000702300000, 0x0000000702400000|  0%| F|  |TAMS 0x0000000702300000, 0x0000000702300000| Untracked 
|  20|0x0000000702400000, 0x0000000702400000, 0x0000000702500000|  0%| F|  |TAMS 0x0000000702400000, 0x0000000702400000| Untracked 
|  21|0x0000000702500000, 0x0000000702500000, 0x0000000702600000|  0%| F|  |TAMS 0x0000000702500000, 0x0000000702500000| Untracked 
|  22|0x0000000702600000, 0x0000000702600000, 0x0000000702700000|  0%| F|  |TAMS 0x0000000702600000, 0x0000000702600000| Untracked 
|  23|0x0000000702700000, 0x0000000702700000, 0x0000000702800000|  0%| F|  |TAMS 0x0000000702700000, 0x0000000702700000| Untracked 
|  24|0x0000000702800000, 0x0000000702800000, 0x0000000702900000|  0%| F|  |TAMS 0x0000000702800000, 0x0000000702800000| Untracked 
|  25|0x0000000702900000, 0x0000000702900000, 0x0000000702a00000|  0%| F|  |TAMS 0x0000000702900000, 0x0000000702900000| Untracked 
|  26|0x0000000702a00000, 0x0000000702a00000, 0x0000000702b00000|  0%| F|  |TAMS 0x0000000702a00000, 0x0000000702a00000| Untracked 
|  27|0x0000000702b00000, 0x0000000702b00000, 0x0000000702c00000|  0%| F|  |TAMS 0x0000000702b00000, 0x0000000702b00000| Untracked 
|  28|0x0000000702c00000, 0x0000000702c00000, 0x0000000702d00000|  0%| F|  |TAMS 0x0000000702c00000, 0x0000000702c00000| Untracked 
|  29|0x0000000702d00000, 0x0000000702d00000, 0x0000000702e00000|  0%| F|  |TAMS 0x0000000702d00000, 0x0000000702d00000| Untracked 
|  30|0x0000000702e00000, 0x0000000702e00000, 0x0000000702f00000|  0%| F|  |TAMS 0x0000000702e00000, 0x0000000702e00000| Untracked 
|  31|0x0000000702f00000, 0x0000000702f00000, 0x0000000703000000|  0%| F|  |TAMS 0x0000000702f00000, 0x0000000702f00000| Untracked 
|  32|0x0000000703000000, 0x0000000703000000, 0x0000000703100000|  0%| F|  |TAMS 0x0000000703000000, 0x0000000703000000| Untracked 
|  33|0x0000000703100000, 0x0000000703100000, 0x0000000703200000|  0%| F|  |TAMS 0x0000000703100000, 0x0000000703100000| Untracked 
|  34|0x0000000703200000, 0x0000000703200000, 0x0000000703300000|  0%| F|  |TAMS 0x0000000703200000, 0x0000000703200000| Untracked 
|  35|0x0000000703300000, 0x0000000703300000, 0x0000000703400000|  0%| F|  |TAMS 0x0000000703300000, 0x0000000703300000| Untracked 
|  36|0x0000000703400000, 0x0000000703400000, 0x0000000703500000|  0%| F|  |TAMS 0x0000000703400000, 0x0000000703400000| Untracked 
|  37|0x0000000703500000, 0x0000000703500000, 0x0000000703600000|  0%| F|  |TAMS 0x0000000703500000, 0x0000000703500000| Untracked 
|  38|0x0000000703600000, 0x0000000703600000, 0x0000000703700000|  0%| F|  |TAMS 0x0000000703600000, 0x0000000703600000| Untracked 
|  39|0x0000000703700000, 0x0000000703700000, 0x0000000703800000|  0%| F|  |TAMS 0x0000000703700000, 0x0000000703700000| Untracked 
|  40|0x0000000703800000, 0x0000000703800000, 0x0000000703900000|  0%| F|  |TAMS 0x0000000703800000, 0x0000000703800000| Untracked 
|  41|0x0000000703900000, 0x0000000703900000, 0x0000000703a00000|  0%| F|  |TAMS 0x0000000703900000, 0x0000000703900000| Untracked 
|  42|0x0000000703a00000, 0x0000000703a00000, 0x0000000703b00000|  0%| F|  |TAMS 0x0000000703a00000, 0x0000000703a00000| Untracked 
|  43|0x0000000703b00000, 0x0000000703b00000, 0x0000000703c00000|  0%| F|  |TAMS 0x0000000703b00000, 0x0000000703b00000| Untracked 
|  44|0x0000000703c00000, 0x0000000703c00000, 0x0000000703d00000|  0%| F|  |TAMS 0x0000000703c00000, 0x0000000703c00000| Untracked 
|  45|0x0000000703d00000, 0x0000000703d00000, 0x0000000703e00000|  0%| F|  |TAMS 0x0000000703d00000, 0x0000000703d00000| Untracked 
|  46|0x0000000703e00000, 0x0000000703e00000, 0x0000000703f00000|  0%| F|  |TAMS 0x0000000703e00000, 0x0000000703e00000| Untracked 
|  47|0x0000000703f00000, 0x0000000703f00000, 0x0000000704000000|  0%| F|  |TAMS 0x0000000703f00000, 0x0000000703f00000| Untracked 
|  48|0x0000000704000000, 0x0000000704000000, 0x0000000704100000|  0%| F|  |TAMS 0x0000000704000000, 0x0000000704000000| Untracked 
|  49|0x0000000704100000, 0x0000000704100000, 0x0000000704200000|  0%| F|  |TAMS 0x0000000704100000, 0x0000000704100000| Untracked 
|  50|0x0000000704200000, 0x0000000704200000, 0x0000000704300000|  0%| F|  |TAMS 0x0000000704200000, 0x0000000704200000| Untracked 
|  51|0x0000000704300000, 0x0000000704300000, 0x0000000704400000|  0%| F|  |TAMS 0x0000000704300000, 0x0000000704300000| Untracked 
|  52|0x0000000704400000, 0x0000000704400000, 0x0000000704500000|  0%| F|  |TAMS 0x0000000704400000, 0x0000000704400000| Untracked 
|  53|0x0000000704500000, 0x0000000704500000, 0x0000000704600000|  0%| F|  |TAMS 0x0000000704500000, 0x0000000704500000| Untracked 
|  54|0x0000000704600000, 0x0000000704600000, 0x0000000704700000|  0%| F|  |TAMS 0x0000000704600000, 0x0000000704600000| Untracked 
|  55|0x0000000704700000, 0x0000000704700000, 0x0000000704800000|  0%| F|  |TAMS 0x0000000704700000, 0x0000000704700000| Untracked 
|  56|0x0000000704800000, 0x0000000704800000, 0x0000000704900000|  0%| F|  |TAMS 0x0000000704800000, 0x0000000704800000| Untracked 
|  57|0x0000000704900000, 0x0000000704900000, 0x0000000704a00000|  0%| F|  |TAMS 0x0000000704900000, 0x0000000704900000| Untracked 
|  58|0x0000000704a00000, 0x0000000704a00000, 0x0000000704b00000|  0%| F|  |TAMS 0x0000000704a00000, 0x0000000704a00000| Untracked 
|  59|0x0000000704b00000, 0x0000000704b00000, 0x0000000704c00000|  0%| F|  |TAMS 0x0000000704b00000, 0x0000000704b00000| Untracked 
|  60|0x0000000704c00000, 0x0000000704c00000, 0x0000000704d00000|  0%| F|  |TAMS 0x0000000704c00000, 0x0000000704c00000| Untracked 
|  61|0x0000000704d00000, 0x0000000704d00000, 0x0000000704e00000|  0%| F|  |TAMS 0x0000000704d00000, 0x0000000704d00000| Untracked 
|  62|0x0000000704e00000, 0x0000000704e00000, 0x0000000704f00000|  0%| F|  |TAMS 0x0000000704e00000, 0x0000000704e00000| Untracked 
|  63|0x0000000704f00000, 0x0000000704f00000, 0x0000000705000000|  0%| F|  |TAMS 0x0000000704f00000, 0x0000000704f00000| Untracked 
|  64|0x0000000705000000, 0x0000000705000000, 0x0000000705100000|  0%| F|  |TAMS 0x0000000705000000, 0x0000000705000000| Untracked 
|  65|0x0000000705100000, 0x0000000705100000, 0x0000000705200000|  0%| F|  |TAMS 0x0000000705100000, 0x0000000705100000| Untracked 
|  66|0x0000000705200000, 0x0000000705200000, 0x0000000705300000|  0%| F|  |TAMS 0x0000000705200000, 0x0000000705200000| Untracked 
|  67|0x0000000705300000, 0x0000000705300000, 0x0000000705400000|  0%| F|  |TAMS 0x0000000705300000, 0x0000000705300000| Untracked 
|  68|0x0000000705400000, 0x0000000705400000, 0x0000000705500000|  0%| F|  |TAMS 0x0000000705400000, 0x0000000705400000| Untracked 
|  69|0x0000000705500000, 0x0000000705500000, 0x0000000705600000|  0%| F|  |TAMS 0x0000000705500000, 0x0000000705500000| Untracked 
|  70|0x0000000705600000, 0x0000000705600000, 0x0000000705700000|  0%| F|  |TAMS 0x0000000705600000, 0x0000000705600000| Untracked 
|  71|0x0000000705700000, 0x0000000705700000, 0x0000000705800000|  0%| F|  |TAMS 0x0000000705700000, 0x0000000705700000| Untracked 
|  72|0x0000000705800000, 0x0000000705800000, 0x0000000705900000|  0%| F|  |TAMS 0x0000000705800000, 0x0000000705800000| Untracked 
|  73|0x0000000705900000, 0x0000000705900000, 0x0000000705a00000|  0%| F|  |TAMS 0x0000000705900000, 0x0000000705900000| Untracked 
|  74|0x0000000705a00000, 0x0000000705a00000, 0x0000000705b00000|  0%| F|  |TAMS 0x0000000705a00000, 0x0000000705a00000| Untracked 
|  75|0x0000000705b00000, 0x0000000705b00000, 0x0000000705c00000|  0%| F|  |TAMS 0x0000000705b00000, 0x0000000705b00000| Untracked 
|  76|0x0000000705c00000, 0x0000000705c00000, 0x0000000705d00000|  0%| F|  |TAMS 0x0000000705c00000, 0x0000000705c00000| Untracked 
|  77|0x0000000705d00000, 0x0000000705d00000, 0x0000000705e00000|  0%| F|  |TAMS 0x0000000705d00000, 0x0000000705d00000| Untracked 
|  78|0x0000000705e00000, 0x0000000705e00000, 0x0000000705f00000|  0%| F|  |TAMS 0x0000000705e00000, 0x0000000705e00000| Untracked 
|  79|0x0000000705f00000, 0x0000000705f00000, 0x0000000706000000|  0%| F|  |TAMS 0x0000000705f00000, 0x0000000705f00000| Untracked 
|  80|0x0000000706000000, 0x0000000706000000, 0x0000000706100000|  0%| F|  |TAMS 0x0000000706000000, 0x0000000706000000| Untracked 
|  81|0x0000000706100000, 0x0000000706100000, 0x0000000706200000|  0%| F|  |TAMS 0x0000000706100000, 0x0000000706100000| Untracked 
|  82|0x0000000706200000, 0x0000000706200000, 0x0000000706300000|  0%| F|  |TAMS 0x0000000706200000, 0x0000000706200000| Untracked 
|  83|0x0000000706300000, 0x0000000706300000, 0x0000000706400000|  0%| F|  |TAMS 0x0000000706300000, 0x0000000706300000| Untracked 
|  84|0x0000000706400000, 0x0000000706400000, 0x0000000706500000|  0%| F|  |TAMS 0x0000000706400000, 0x0000000706400000| Untracked 
|  85|0x0000000706500000, 0x0000000706500000, 0x0000000706600000|  0%| F|  |TAMS 0x0000000706500000, 0x0000000706500000| Untracked 
|  86|0x0000000706600000, 0x0000000706600000, 0x0000000706700000|  0%| F|  |TAMS 0x0000000706600000, 0x0000000706600000| Untracked 
|  87|0x0000000706700000, 0x0000000706700000, 0x0000000706800000|  0%| F|  |TAMS 0x0000000706700000, 0x0000000706700000| Untracked 
|  88|0x0000000706800000, 0x0000000706800000, 0x0000000706900000|  0%| F|  |TAMS 0x0000000706800000, 0x0000000706800000| Untracked 
|  89|0x0000000706900000, 0x0000000706900000, 0x0000000706a00000|  0%| F|  |TAMS 0x0000000706900000, 0x0000000706900000| Untracked 
|  90|0x0000000706a00000, 0x0000000706a00000, 0x0000000706b00000|  0%| F|  |TAMS 0x0000000706a00000, 0x0000000706a00000| Untracked 
|  91|0x0000000706b00000, 0x0000000706b00000, 0x0000000706c00000|  0%| F|  |TAMS 0x0000000706b00000, 0x0000000706b00000| Untracked 
|  92|0x0000000706c00000, 0x0000000706c00000, 0x0000000706d00000|  0%| F|  |TAMS 0x0000000706c00000, 0x0000000706c00000| Untracked 
|  93|0x0000000706d00000, 0x0000000706d00000, 0x0000000706e00000|  0%| F|  |TAMS 0x0000000706d00000, 0x0000000706d00000| Untracked 
|  94|0x0000000706e00000, 0x0000000706e00000, 0x0000000706f00000|  0%| F|  |TAMS 0x0000000706e00000, 0x0000000706e00000| Untracked 
|  95|0x0000000706f00000, 0x0000000706f00000, 0x0000000707000000|  0%| F|  |TAMS 0x0000000706f00000, 0x0000000706f00000| Untracked 
|  96|0x0000000707000000, 0x0000000707000000, 0x0000000707100000|  0%| F|  |TAMS 0x0000000707000000, 0x0000000707000000| Untracked 
|  97|0x0000000707100000, 0x0000000707100000, 0x0000000707200000|  0%| F|  |TAMS 0x0000000707100000, 0x0000000707100000| Untracked 
|  98|0x0000000707200000, 0x0000000707200000, 0x0000000707300000|  0%| F|  |TAMS 0x0000000707200000, 0x0000000707200000| Untracked 
|  99|0x0000000707300000, 0x0000000707300000, 0x0000000707400000|  0%| F|  |TAMS 0x0000000707300000, 0x0000000707300000| Untracked 
| 100|0x0000000707400000, 0x0000000707400000, 0x0000000707500000|  0%| F|  |TAMS 0x0000000707400000, 0x0000000707400000| Untracked 
| 101|0x0000000707500000, 0x0000000707500000, 0x0000000707600000|  0%| F|  |TAMS 0x0000000707500000, 0x0000000707500000| Untracked 
| 102|0x0000000707600000, 0x0000000707600000, 0x0000000707700000|  0%| F|  |TAMS 0x0000000707600000, 0x0000000707600000| Untracked 
| 103|0x0000000707700000, 0x0000000707700000, 0x0000000707800000|  0%| F|  |TAMS 0x0000000707700000, 0x0000000707700000| Untracked 
| 104|0x0000000707800000, 0x0000000707800000, 0x0000000707900000|  0%| F|  |TAMS 0x0000000707800000, 0x0000000707800000| Untracked 
| 105|0x0000000707900000, 0x0000000707900000, 0x0000000707a00000|  0%| F|  |TAMS 0x0000000707900000, 0x0000000707900000| Untracked 
| 106|0x0000000707a00000, 0x0000000707a00000, 0x0000000707b00000|  0%| F|  |TAMS 0x0000000707a00000, 0x0000000707a00000| Untracked 
| 107|0x0000000707b00000, 0x0000000707b00000, 0x0000000707c00000|  0%| F|  |TAMS 0x0000000707b00000, 0x0000000707b00000| Untracked 
| 108|0x0000000707c00000, 0x0000000707c00000, 0x0000000707d00000|  0%| F|  |TAMS 0x0000000707c00000, 0x0000000707c00000| Untracked 
| 109|0x0000000707d00000, 0x0000000707d00000, 0x0000000707e00000|  0%| F|  |TAMS 0x0000000707d00000, 0x0000000707d00000| Untracked 
| 110|0x0000000707e00000, 0x0000000707e00000, 0x0000000707f00000|  0%| F|  |TAMS 0x0000000707e00000, 0x0000000707e00000| Untracked 
| 111|0x0000000707f00000, 0x0000000707f00000, 0x0000000708000000|  0%| F|  |TAMS 0x0000000707f00000, 0x0000000707f00000| Untracked 
| 112|0x0000000708000000, 0x0000000708000000, 0x0000000708100000|  0%| F|  |TAMS 0x0000000708000000, 0x0000000708000000| Untracked 
| 113|0x0000000708100000, 0x0000000708100000, 0x0000000708200000|  0%| F|  |TAMS 0x0000000708100000, 0x0000000708100000| Untracked 
| 114|0x0000000708200000, 0x0000000708200000, 0x0000000708300000|  0%| F|  |TAMS 0x0000000708200000, 0x0000000708200000| Untracked 
| 115|0x0000000708300000, 0x0000000708300000, 0x0000000708400000|  0%| F|  |TAMS 0x0000000708300000, 0x0000000708300000| Untracked 
| 116|0x0000000708400000, 0x0000000708400000, 0x0000000708500000|  0%| F|  |TAMS 0x0000000708400000, 0x0000000708400000| Untracked 
| 117|0x0000000708500000, 0x0000000708500000, 0x0000000708600000|  0%| F|  |TAMS 0x0000000708500000, 0x0000000708500000| Untracked 
| 118|0x0000000708600000, 0x0000000708600000, 0x0000000708700000|  0%| F|  |TAMS 0x0000000708600000, 0x0000000708600000| Untracked 
| 119|0x0000000708700000, 0x0000000708700000, 0x0000000708800000|  0%| F|  |TAMS 0x0000000708700000, 0x0000000708700000| Untracked 
| 120|0x0000000708800000, 0x0000000708800000, 0x0000000708900000|  0%| F|  |TAMS 0x0000000708800000, 0x0000000708800000| Untracked 
| 121|0x0000000708900000, 0x0000000708900000, 0x0000000708a00000|  0%| F|  |TAMS 0x0000000708900000, 0x0000000708900000| Untracked 
| 122|0x0000000708a00000, 0x0000000708a00000, 0x0000000708b00000|  0%| F|  |TAMS 0x0000000708a00000, 0x0000000708a00000| Untracked 
| 123|0x0000000708b00000, 0x0000000708b00000, 0x0000000708c00000|  0%| F|  |TAMS 0x0000000708b00000, 0x0000000708b00000| Untracked 
| 124|0x0000000708c00000, 0x0000000708c00000, 0x0000000708d00000|  0%| F|  |TAMS 0x0000000708c00000, 0x0000000708c00000| Untracked 
| 125|0x0000000708d00000, 0x0000000708d00000, 0x0000000708e00000|  0%| F|  |TAMS 0x0000000708d00000, 0x0000000708d00000| Untracked 
| 126|0x0000000708e00000, 0x0000000708e00000, 0x0000000708f00000|  0%| F|  |TAMS 0x0000000708e00000, 0x0000000708e00000| Untracked 
| 127|0x0000000708f00000, 0x0000000708f00000, 0x0000000709000000|  0%| F|  |TAMS 0x0000000708f00000, 0x0000000708f00000| Untracked 
| 128|0x0000000709000000, 0x0000000709000000, 0x0000000709100000|  0%| F|  |TAMS 0x0000000709000000, 0x0000000709000000| Untracked 
| 129|0x0000000709100000, 0x0000000709100000, 0x0000000709200000|  0%| F|  |TAMS 0x0000000709100000, 0x0000000709100000| Untracked 
| 130|0x0000000709200000, 0x0000000709200000, 0x0000000709300000|  0%| F|  |TAMS 0x0000000709200000, 0x0000000709200000| Untracked 
| 131|0x0000000709300000, 0x0000000709300000, 0x0000000709400000|  0%| F|  |TAMS 0x0000000709300000, 0x0000000709300000| Untracked 
| 132|0x0000000709400000, 0x0000000709400000, 0x0000000709500000|  0%| F|  |TAMS 0x0000000709400000, 0x0000000709400000| Untracked 
| 133|0x0000000709500000, 0x0000000709500000, 0x0000000709600000|  0%| F|  |TAMS 0x0000000709500000, 0x0000000709500000| Untracked 
| 134|0x0000000709600000, 0x0000000709600000, 0x0000000709700000|  0%| F|  |TAMS 0x0000000709600000, 0x0000000709600000| Untracked 
| 135|0x0000000709700000, 0x0000000709700000, 0x0000000709800000|  0%| F|  |TAMS 0x0000000709700000, 0x0000000709700000| Untracked 
| 136|0x0000000709800000, 0x0000000709800000, 0x0000000709900000|  0%| F|  |TAMS 0x0000000709800000, 0x0000000709800000| Untracked 
| 137|0x0000000709900000, 0x0000000709900000, 0x0000000709a00000|  0%| F|  |TAMS 0x0000000709900000, 0x0000000709900000| Untracked 
| 138|0x0000000709a00000, 0x0000000709a00000, 0x0000000709b00000|  0%| F|  |TAMS 0x0000000709a00000, 0x0000000709a00000| Untracked 
| 139|0x0000000709b00000, 0x0000000709b00000, 0x0000000709c00000|  0%| F|  |TAMS 0x0000000709b00000, 0x0000000709b00000| Untracked 
| 140|0x0000000709c00000, 0x0000000709c00000, 0x0000000709d00000|  0%| F|  |TAMS 0x0000000709c00000, 0x0000000709c00000| Untracked 
| 141|0x0000000709d00000, 0x0000000709d00000, 0x0000000709e00000|  0%| F|  |TAMS 0x0000000709d00000, 0x0000000709d00000| Untracked 
| 142|0x0000000709e00000, 0x0000000709e00000, 0x0000000709f00000|  0%| F|  |TAMS 0x0000000709e00000, 0x0000000709e00000| Untracked 
| 143|0x0000000709f00000, 0x0000000709f00000, 0x000000070a000000|  0%| F|  |TAMS 0x0000000709f00000, 0x0000000709f00000| Untracked 
| 144|0x000000070a000000, 0x000000070a000000, 0x000000070a100000|  0%| F|  |TAMS 0x000000070a000000, 0x000000070a000000| Untracked 
| 145|0x000000070a100000, 0x000000070a100000, 0x000000070a200000|  0%| F|  |TAMS 0x000000070a100000, 0x000000070a100000| Untracked 
| 146|0x000000070a200000, 0x000000070a200000, 0x000000070a300000|  0%| F|  |TAMS 0x000000070a200000, 0x000000070a200000| Untracked 
| 147|0x000000070a300000, 0x000000070a300000, 0x000000070a400000|  0%| F|  |TAMS 0x000000070a300000, 0x000000070a300000| Untracked 
| 148|0x000000070a400000, 0x000000070a400000, 0x000000070a500000|  0%| F|  |TAMS 0x000000070a400000, 0x000000070a400000| Untracked 
| 149|0x000000070a500000, 0x000000070a500000, 0x000000070a600000|  0%| F|  |TAMS 0x000000070a500000, 0x000000070a500000| Untracked 
| 150|0x000000070a600000, 0x000000070a600000, 0x000000070a700000|  0%| F|  |TAMS 0x000000070a600000, 0x000000070a600000| Untracked 
| 151|0x000000070a700000, 0x000000070a700000, 0x000000070a800000|  0%| F|  |TAMS 0x000000070a700000, 0x000000070a700000| Untracked 
| 152|0x000000070a800000, 0x000000070a800000, 0x000000070a900000|  0%| F|  |TAMS 0x000000070a800000, 0x000000070a800000| Untracked 
| 153|0x000000070a900000, 0x000000070a900000, 0x000000070aa00000|  0%| F|  |TAMS 0x000000070a900000, 0x000000070a900000| Untracked 
| 154|0x000000070aa00000, 0x000000070aa00000, 0x000000070ab00000|  0%| F|  |TAMS 0x000000070aa00000, 0x000000070aa00000| Untracked 
| 155|0x000000070ab00000, 0x000000070ab00000, 0x000000070ac00000|  0%| F|  |TAMS 0x000000070ab00000, 0x000000070ab00000| Untracked 
| 156|0x000000070ac00000, 0x000000070ac00000, 0x000000070ad00000|  0%| F|  |TAMS 0x000000070ac00000, 0x000000070ac00000| Untracked 
| 157|0x000000070ad00000, 0x000000070ad00000, 0x000000070ae00000|  0%| F|  |TAMS 0x000000070ad00000, 0x000000070ad00000| Untracked 
| 158|0x000000070ae00000, 0x000000070ae00000, 0x000000070af00000|  0%| F|  |TAMS 0x000000070ae00000, 0x000000070ae00000| Untracked 
| 159|0x000000070af00000, 0x000000070af00000, 0x000000070b000000|  0%| F|  |TAMS 0x000000070af00000, 0x000000070af00000| Untracked 
| 160|0x000000070b000000, 0x000000070b000000, 0x000000070b100000|  0%| F|  |TAMS 0x000000070b000000, 0x000000070b000000| Untracked 
| 161|0x000000070b100000, 0x000000070b100000, 0x000000070b200000|  0%| F|  |TAMS 0x000000070b100000, 0x000000070b100000| Untracked 
| 162|0x000000070b200000, 0x000000070b200000, 0x000000070b300000|  0%| F|  |TAMS 0x000000070b200000, 0x000000070b200000| Untracked 
| 163|0x000000070b300000, 0x000000070b300000, 0x000000070b400000|  0%| F|  |TAMS 0x000000070b300000, 0x000000070b300000| Untracked 
| 164|0x000000070b400000, 0x000000070b400000, 0x000000070b500000|  0%| F|  |TAMS 0x000000070b400000, 0x000000070b400000| Untracked 
| 165|0x000000070b500000, 0x000000070b500000, 0x000000070b600000|  0%| F|  |TAMS 0x000000070b500000, 0x000000070b500000| Untracked 
| 166|0x000000070b600000, 0x000000070b600000, 0x000000070b700000|  0%| F|  |TAMS 0x000000070b600000, 0x000000070b600000| Untracked 
| 167|0x000000070b700000, 0x000000070b700000, 0x000000070b800000|  0%| F|  |TAMS 0x000000070b700000, 0x000000070b700000| Untracked 
| 168|0x000000070b800000, 0x000000070b800000, 0x000000070b900000|  0%| F|  |TAMS 0x000000070b800000, 0x000000070b800000| Untracked 
| 169|0x000000070b900000, 0x000000070b900000, 0x000000070ba00000|  0%| F|  |TAMS 0x000000070b900000, 0x000000070b900000| Untracked 
| 170|0x000000070ba00000, 0x000000070ba00000, 0x000000070bb00000|  0%| F|  |TAMS 0x000000070ba00000, 0x000000070ba00000| Untracked 
| 171|0x000000070bb00000, 0x000000070bb00000, 0x000000070bc00000|  0%| F|  |TAMS 0x000000070bb00000, 0x000000070bb00000| Untracked 
| 172|0x000000070bc00000, 0x000000070bc00000, 0x000000070bd00000|  0%| F|  |TAMS 0x000000070bc00000, 0x000000070bc00000| Untracked 
| 173|0x000000070bd00000, 0x000000070bd00000, 0x000000070be00000|  0%| F|  |TAMS 0x000000070bd00000, 0x000000070bd00000| Untracked 
| 174|0x000000070be00000, 0x000000070be00000, 0x000000070bf00000|  0%| F|  |TAMS 0x000000070be00000, 0x000000070be00000| Untracked 
| 175|0x000000070bf00000, 0x000000070bf00000, 0x000000070c000000|  0%| F|  |TAMS 0x000000070bf00000, 0x000000070bf00000| Untracked 
| 176|0x000000070c000000, 0x000000070c000000, 0x000000070c100000|  0%| F|  |TAMS 0x000000070c000000, 0x000000070c000000| Untracked 
| 177|0x000000070c100000, 0x000000070c100000, 0x000000070c200000|  0%| F|  |TAMS 0x000000070c100000, 0x000000070c100000| Untracked 
| 178|0x000000070c200000, 0x000000070c200000, 0x000000070c300000|  0%| F|  |TAMS 0x000000070c200000, 0x000000070c200000| Untracked 
| 179|0x000000070c300000, 0x000000070c300000, 0x000000070c400000|  0%| F|  |TAMS 0x000000070c300000, 0x000000070c300000| Untracked 
| 180|0x000000070c400000, 0x000000070c400000, 0x000000070c500000|  0%| F|  |TAMS 0x000000070c400000, 0x000000070c400000| Untracked 
| 181|0x000000070c500000, 0x000000070c500000, 0x000000070c600000|  0%| F|  |TAMS 0x000000070c500000, 0x000000070c500000| Untracked 
| 182|0x000000070c600000, 0x000000070c600000, 0x000000070c700000|  0%| F|  |TAMS 0x000000070c600000, 0x000000070c600000| Untracked 
| 183|0x000000070c700000, 0x000000070c700000, 0x000000070c800000|  0%| F|  |TAMS 0x000000070c700000, 0x000000070c700000| Untracked 
| 184|0x000000070c800000, 0x000000070c800000, 0x000000070c900000|  0%| F|  |TAMS 0x000000070c800000, 0x000000070c800000| Untracked 
| 185|0x000000070c900000, 0x000000070c900000, 0x000000070ca00000|  0%| F|  |TAMS 0x000000070c900000, 0x000000070c900000| Untracked 
| 186|0x000000070ca00000, 0x000000070ca00000, 0x000000070cb00000|  0%| F|  |TAMS 0x000000070ca00000, 0x000000070ca00000| Untracked 
| 187|0x000000070cb00000, 0x000000070cb00000, 0x000000070cc00000|  0%| F|  |TAMS 0x000000070cb00000, 0x000000070cb00000| Untracked 
| 188|0x000000070cc00000, 0x000000070cc00000, 0x000000070cd00000|  0%| F|  |TAMS 0x000000070cc00000, 0x000000070cc00000| Untracked 
| 189|0x000000070cd00000, 0x000000070cd00000, 0x000000070ce00000|  0%| F|  |TAMS 0x000000070cd00000, 0x000000070cd00000| Untracked 
| 190|0x000000070ce00000, 0x000000070ce00000, 0x000000070cf00000|  0%| F|  |TAMS 0x000000070ce00000, 0x000000070ce00000| Untracked 
| 191|0x000000070cf00000, 0x000000070cf00000, 0x000000070d000000|  0%| F|  |TAMS 0x000000070cf00000, 0x000000070cf00000| Untracked 
| 192|0x000000070d000000, 0x000000070d000000, 0x000000070d100000|  0%| F|  |TAMS 0x000000070d000000, 0x000000070d000000| Untracked 
| 193|0x000000070d100000, 0x000000070d100000, 0x000000070d200000|  0%| F|  |TAMS 0x000000070d100000, 0x000000070d100000| Untracked 
| 194|0x000000070d200000, 0x000000070d200000, 0x000000070d300000|  0%| F|  |TAMS 0x000000070d200000, 0x000000070d200000| Untracked 
| 195|0x000000070d300000, 0x000000070d300000, 0x000000070d400000|  0%| F|  |TAMS 0x000000070d300000, 0x000000070d300000| Untracked 
| 196|0x000000070d400000, 0x000000070d400000, 0x000000070d500000|  0%| F|  |TAMS 0x000000070d400000, 0x000000070d400000| Untracked 
| 197|0x000000070d500000, 0x000000070d500000, 0x000000070d600000|  0%| F|  |TAMS 0x000000070d500000, 0x000000070d500000| Untracked 
| 198|0x000000070d600000, 0x000000070d600000, 0x000000070d700000|  0%| F|  |TAMS 0x000000070d600000, 0x000000070d600000| Untracked 
| 199|0x000000070d700000, 0x000000070d700000, 0x000000070d800000|  0%| F|  |TAMS 0x000000070d700000, 0x000000070d700000| Untracked 
| 200|0x000000070d800000, 0x000000070d800000, 0x000000070d900000|  0%| F|  |TAMS 0x000000070d800000, 0x000000070d800000| Untracked 
| 201|0x000000070d900000, 0x000000070d900000, 0x000000070da00000|  0%| F|  |TAMS 0x000000070d900000, 0x000000070d900000| Untracked 
| 202|0x000000070da00000, 0x000000070da00000, 0x000000070db00000|  0%| F|  |TAMS 0x000000070da00000, 0x000000070da00000| Untracked 
| 203|0x000000070db00000, 0x000000070db00000, 0x000000070dc00000|  0%| F|  |TAMS 0x000000070db00000, 0x000000070db00000| Untracked 
| 204|0x000000070dc00000, 0x000000070dc00000, 0x000000070dd00000|  0%| F|  |TAMS 0x000000070dc00000, 0x000000070dc00000| Untracked 
| 205|0x000000070dd00000, 0x000000070dd00000, 0x000000070de00000|  0%| F|  |TAMS 0x000000070dd00000, 0x000000070dd00000| Untracked 
| 206|0x000000070de00000, 0x000000070de00000, 0x000000070df00000|  0%| F|  |TAMS 0x000000070de00000, 0x000000070de00000| Untracked 
| 207|0x000000070df00000, 0x000000070df00000, 0x000000070e000000|  0%| F|  |TAMS 0x000000070df00000, 0x000000070df00000| Untracked 
| 208|0x000000070e000000, 0x000000070e000000, 0x000000070e100000|  0%| F|  |TAMS 0x000000070e000000, 0x000000070e000000| Untracked 
| 209|0x000000070e100000, 0x000000070e100000, 0x000000070e200000|  0%| F|  |TAMS 0x000000070e100000, 0x000000070e100000| Untracked 
| 210|0x000000070e200000, 0x000000070e200000, 0x000000070e300000|  0%| F|  |TAMS 0x000000070e200000, 0x000000070e200000| Untracked 
| 211|0x000000070e300000, 0x000000070e300000, 0x000000070e400000|  0%| F|  |TAMS 0x000000070e300000, 0x000000070e300000| Untracked 
| 212|0x000000070e400000, 0x000000070e400000, 0x000000070e500000|  0%| F|  |TAMS 0x000000070e400000, 0x000000070e400000| Untracked 
| 213|0x000000070e500000, 0x000000070e500000, 0x000000070e600000|  0%| F|  |TAMS 0x000000070e500000, 0x000000070e500000| Untracked 
| 214|0x000000070e600000, 0x000000070e600000, 0x000000070e700000|  0%| F|  |TAMS 0x000000070e600000, 0x000000070e600000| Untracked 
| 215|0x000000070e700000, 0x000000070e700000, 0x000000070e800000|  0%| F|  |TAMS 0x000000070e700000, 0x000000070e700000| Untracked 
| 216|0x000000070e800000, 0x000000070e800000, 0x000000070e900000|  0%| F|  |TAMS 0x000000070e800000, 0x000000070e800000| Untracked 
| 217|0x000000070e900000, 0x000000070e900000, 0x000000070ea00000|  0%| F|  |TAMS 0x000000070e900000, 0x000000070e900000| Untracked 
| 218|0x000000070ea00000, 0x000000070ea00000, 0x000000070eb00000|  0%| F|  |TAMS 0x000000070ea00000, 0x000000070ea00000| Untracked 
| 219|0x000000070eb00000, 0x000000070eb00000, 0x000000070ec00000|  0%| F|  |TAMS 0x000000070eb00000, 0x000000070eb00000| Untracked 
| 220|0x000000070ec00000, 0x000000070ec00000, 0x000000070ed00000|  0%| F|  |TAMS 0x000000070ec00000, 0x000000070ec00000| Untracked 
| 221|0x000000070ed00000, 0x000000070ed00000, 0x000000070ee00000|  0%| F|  |TAMS 0x000000070ed00000, 0x000000070ed00000| Untracked 
| 222|0x000000070ee00000, 0x000000070ee00000, 0x000000070ef00000|  0%| F|  |TAMS 0x000000070ee00000, 0x000000070ee00000| Untracked 
| 223|0x000000070ef00000, 0x000000070ef00000, 0x000000070f000000|  0%| F|  |TAMS 0x000000070ef00000, 0x000000070ef00000| Untracked 
| 224|0x000000070f000000, 0x000000070f000000, 0x000000070f100000|  0%| F|  |TAMS 0x000000070f000000, 0x000000070f000000| Untracked 
| 225|0x000000070f100000, 0x000000070f100000, 0x000000070f200000|  0%| F|  |TAMS 0x000000070f100000, 0x000000070f100000| Untracked 
| 226|0x000000070f200000, 0x000000070f200000, 0x000000070f300000|  0%| F|  |TAMS 0x000000070f200000, 0x000000070f200000| Untracked 
| 227|0x000000070f300000, 0x000000070f300000, 0x000000070f400000|  0%| F|  |TAMS 0x000000070f300000, 0x000000070f300000| Untracked 
| 228|0x000000070f400000, 0x000000070f400000, 0x000000070f500000|  0%| F|  |TAMS 0x000000070f400000, 0x000000070f400000| Untracked 
| 229|0x000000070f500000, 0x000000070f500000, 0x000000070f600000|  0%| F|  |TAMS 0x000000070f500000, 0x000000070f500000| Untracked 
| 230|0x000000070f600000, 0x000000070f600000, 0x000000070f700000|  0%| F|  |TAMS 0x000000070f600000, 0x000000070f600000| Untracked 
| 231|0x000000070f700000, 0x000000070f700000, 0x000000070f800000|  0%| F|  |TAMS 0x000000070f700000, 0x000000070f700000| Untracked 
| 232|0x000000070f800000, 0x000000070f800000, 0x000000070f900000|  0%| F|  |TAMS 0x000000070f800000, 0x000000070f800000| Untracked 
| 233|0x000000070f900000, 0x000000070f900000, 0x000000070fa00000|  0%| F|  |TAMS 0x000000070f900000, 0x000000070f900000| Untracked 
| 234|0x000000070fa00000, 0x000000070fa00000, 0x000000070fb00000|  0%| F|  |TAMS 0x000000070fa00000, 0x000000070fa00000| Untracked 
| 235|0x000000070fb00000, 0x000000070fb00000, 0x000000070fc00000|  0%| F|  |TAMS 0x000000070fb00000, 0x000000070fb00000| Untracked 
| 236|0x000000070fc00000, 0x000000070fc00000, 0x000000070fd00000|  0%| F|  |TAMS 0x000000070fc00000, 0x000000070fc00000| Untracked 
| 237|0x000000070fd00000, 0x000000070fd00000, 0x000000070fe00000|  0%| F|  |TAMS 0x000000070fd00000, 0x000000070fd00000| Untracked 
| 238|0x000000070fe00000, 0x000000070fe00000, 0x000000070ff00000|  0%| F|  |TAMS 0x000000070fe00000, 0x000000070fe00000| Untracked 
| 239|0x000000070ff00000, 0x000000070ff00000, 0x0000000710000000|  0%| F|  |TAMS 0x000000070ff00000, 0x000000070ff00000| Untracked 
| 240|0x0000000710000000, 0x0000000710100000, 0x0000000710100000|100%| S|CS|TAMS 0x0000000710000000, 0x0000000710000000| Complete 
| 241|0x0000000710100000, 0x0000000710200000, 0x0000000710200000|100%| S|CS|TAMS 0x0000000710100000, 0x0000000710100000| Complete 
| 242|0x0000000710200000, 0x0000000710200000, 0x0000000710300000|  0%| F|  |TAMS 0x0000000710200000, 0x0000000710200000| Untracked 
| 243|0x0000000710300000, 0x0000000710300000, 0x0000000710400000|  0%| F|  |TAMS 0x0000000710300000, 0x0000000710300000| Untracked 
| 244|0x0000000710400000, 0x0000000710400000, 0x0000000710500000|  0%| F|  |TAMS 0x0000000710400000, 0x0000000710400000| Untracked 
| 245|0x0000000710500000, 0x0000000710500000, 0x0000000710600000|  0%| F|  |TAMS 0x0000000710500000, 0x0000000710500000| Untracked 
| 246|0x0000000710600000, 0x0000000710600000, 0x0000000710700000|  0%| F|  |TAMS 0x0000000710600000, 0x0000000710600000| Untracked 
| 247|0x0000000710700000, 0x0000000710789e20, 0x0000000710800000| 53%| E|  |TAMS 0x0000000710700000, 0x0000000710700000| Complete 
| 248|0x0000000710800000, 0x0000000710900000, 0x0000000710900000|100%| E|CS|TAMS 0x0000000710800000, 0x0000000710800000| Complete 
| 249|0x0000000710900000, 0x0000000710a00000, 0x0000000710a00000|100%| E|CS|TAMS 0x0000000710900000, 0x0000000710900000| Complete 
| 250|0x0000000710a00000, 0x0000000710b00000, 0x0000000710b00000|100%| E|CS|TAMS 0x0000000710a00000, 0x0000000710a00000| Complete 
| 251|0x0000000710b00000, 0x0000000710c00000, 0x0000000710c00000|100%| E|CS|TAMS 0x0000000710b00000, 0x0000000710b00000| Complete 
| 252|0x0000000710c00000, 0x0000000710d00000, 0x0000000710d00000|100%| E|CS|TAMS 0x0000000710c00000, 0x0000000710c00000| Complete 
| 253|0x0000000710d00000, 0x0000000710e00000, 0x0000000710e00000|100%| E|CS|TAMS 0x0000000710d00000, 0x0000000710d00000| Complete 
| 254|0x0000000710e00000, 0x0000000710f00000, 0x0000000710f00000|100%| E|CS|TAMS 0x0000000710e00000, 0x0000000710e00000| Complete 
| 255|0x0000000710f00000, 0x0000000711000000, 0x0000000711000000|100%| E|CS|TAMS 0x0000000710f00000, 0x0000000710f00000| Complete 

Card table byte_map: [0x000002745bc70000,0x000002745c470000] _byte_map_base: 0x0000027458468000

Marking Bits (Prev, Next): (CMBitMap*) 0x00000274441b4d28, (CMBitMap*) 0x00000274441b4d60
 Prev Bits: [0x000002745cc70000, 0x0000027460c30000)
 Next Bits: [0x0000027460c30000, 0x0000027464bf0000)

Polling page: 0x0000027443830000

Metaspace:

Usage:
  Non-class:     13.38 MB capacity,    13.24 MB ( 99%) used,   125.41 KB ( <1%) free+waste,    24.19 KB ( <1%) overhead. 
      Class:      1.19 MB capacity,     1.09 MB ( 92%) used,    85.04 KB (  7%) free+waste,    10.50 KB ( <1%) overhead. 
       Both:     14.57 MB capacity,    14.33 MB ( 98%) used,   210.45 KB (  1%) free+waste,    34.69 KB ( <1%) overhead. 

Virtual space:
  Non-class space:       14.00 MB reserved,      13.50 MB ( 96%) committed 
      Class space:        1.00 GB reserved,       1.25 MB ( <1%) committed 
             Both:        1.01 GB reserved,      14.75 MB (  1%) committed 

Chunk freelists:
   Non-Class:  15.00 KB
       Class:  0 bytes
        Both:  15.00 KB

CodeHeap 'non-profiled nmethods': size=120064Kb used=313Kb max_used=313Kb free=119751Kb
 bounds [0x0000027453f30000, 0x00000274541a0000, 0x000002745b470000]
CodeHeap 'profiled nmethods': size=120000Kb used=1774Kb max_used=1774Kb free=118225Kb
 bounds [0x000002744ca00000, 0x000002744cc70000, 0x0000027453f30000]
CodeHeap 'non-nmethods': size=5696Kb used=1581Kb max_used=1594Kb free=4114Kb
 bounds [0x000002744c470000, 0x000002744c6e0000, 0x000002744ca00000]
 total_blobs=2215 nmethods=997 adapters=937
 compilation: enabled
              stopped_count=0, restarted_count=0
 full_count=0

Compilation events (10 events):
Event: 118.699 Thread 0x00000274679fe000 1001       3       java.nio.CharBuffer::arrayOffset (35 bytes)
Event: 118.699 Thread 0x00000274679fe000 nmethod 1001 0x000002744cbba310 code [0x000002744cbba500, 0x000002744cbba860]
Event: 118.699 Thread 0x00000274679fe000 1002       3       java.nio.charset.CoderResult::isUnderflow (13 bytes)
Event: 118.699 Thread 0x00000274679fe000 nmethod 1002 0x000002744cbba990 code [0x000002744cbbab40, 0x000002744cbbacf8]
Event: 118.699 Thread 0x00000274679fe000 1003       3       java.nio.CharBuffer::position (6 bytes)
Event: 118.700 Thread 0x00000274679fe000 nmethod 1003 0x000002744cbbad90 code [0x000002744cbbaf60, 0x000002744cbbb170]
Event: 118.700 Thread 0x00000274679fe000 1004       3       java.nio.CharBuffer::position (8 bytes)
Event: 118.700 Thread 0x00000274679fe000 nmethod 1004 0x000002744cbbb290 code [0x000002744cbbb440, 0x000002744cbbb5f0]
Event: 118.702 Thread 0x00000274679fe000 1005       3       java.io.PrintStream::ensureOpen (18 bytes)
Event: 118.702 Thread 0x00000274679fe000 nmethod 1005 0x000002744cbbb690 code [0x000002744cbbb860, 0x000002744cbbbaf0]

GC Heap History (2 events):
Event: 118.584 GC heap before
{Heap before GC invocations=0 (full 0):
 garbage-first heap   total 262144K, used 13312K [0x0000000701000000, 0x0000000800000000)
  region size 1024K, 14 young (14336K), 0 survivors (0K)
 Metaspace       used 12155K, capacity 12516K, committed 12672K, reserved 1060864K
  class space    used 1021K, capacity 1116K, committed 1152K, reserved 1048576K
}
Event: 118.591 GC heap after
{Heap after GC invocations=1 (full 0):
 garbage-first heap   total 262144K, used 3562K [0x0000000701000000, 0x0000000800000000)
  region size 1024K, 2 young (2048K), 2 survivors (2048K)
 Metaspace       used 12155K, capacity 12516K, committed 12672K, reserved 1060864K
  class space    used 1021K, capacity 1116K, committed 1152K, reserved 1048576K
}

Deoptimization events (3 events):
Event: 0.378 Thread 0x0000027444151000 Uncommon trap: reason=unstable_if action=reinterpret pc=0x0000027453f35324 method=java.lang.String.hashCode()I @ 14 c2
Event: 118.215 Thread 0x00000274681b7800 Uncommon trap: reason=unstable_if action=reinterpret pc=0x0000027453f57a5c method=java.lang.invoke.LambdaForm$Name.replaceNames([Ljava/lang/invoke/LambdaForm$Name;[Ljava/lang/invoke/LambdaForm$Name;II)Ljava/lang/invoke/LambdaForm$Name; @ 3 c2
Event: 118.227 Thread 0x00000274681b7800 Uncommon trap: reason=unstable_if action=reinterpret pc=0x0000027453f5a904 method=java.io.WinNTFileSystem.isSlash(C)Z @ 9 c2

Classes redefined (0 events):
No events

Internal exceptions (10 events):
Event: 118.217 Thread 0x00000274681b7800 Exception <a 'java/lang/NoSuchMethodError'{0x0000000710790880}: java.lang.invoke.DelegatingMethodHandle$Holder.delegate(Ljava/lang/Object;Ljava/lang/Object;ILjava/lang/Object;)V> (0x0000000710790880) thrown at [t:/workspace/open/src/hotspot/share/interpre
Event: 118.219 Thread 0x00000274681b7800 Exception <a 'java/lang/NoSuchMethodError'{0x0000000710797fa0}: java.lang.invoke.DirectMethodHandle$Holder.invokeStaticInit(Ljava/lang/Object;Ljava/lang/Object;Ljava/lang/Object;)Ljava/lang/Object;> (0x0000000710797fa0) thrown at [t:/workspace/open/src/ho
Event: 118.245 Thread 0x00000274681b7800 Exception <a 'sun/nio/fs/WindowsException'{0x00000007107ff1b0}> (0x00000007107ff1b0) thrown at [t:/workspace/open/src/hotspot/share/prims/jni.cpp, line 615]
Event: 118.246 Thread 0x00000274681b7800 Exception <a 'sun/nio/fs/WindowsException'{0x00000007107ff738}> (0x00000007107ff738) thrown at [t:/workspace/open/src/hotspot/share/prims/jni.cpp, line 615]
Event: 118.262 Thread 0x00000274681b7800 Exception <a 'sun/nio/fs/WindowsException'{0x0000000710655e28}> (0x0000000710655e28) thrown at [t:/workspace/open/src/hotspot/share/prims/jni.cpp, line 615]
Event: 118.262 Thread 0x00000274681b7800 Exception <a 'sun/nio/fs/WindowsException'{0x00000007106561c8}> (0x00000007106561c8) thrown at [t:/workspace/open/src/hotspot/share/prims/jni.cpp, line 615]
Event: 118.501 Thread 0x00000274681b7800 Exception <a 'sun/nio/fs/WindowsException'{0x0000000710409958}> (0x0000000710409958) thrown at [t:/workspace/open/src/hotspot/share/prims/jni.cpp, line 615]
Event: 118.501 Thread 0x00000274681b7800 Exception <a 'sun/nio/fs/WindowsException'{0x0000000710409d38}> (0x0000000710409d38) thrown at [t:/workspace/open/src/hotspot/share/prims/jni.cpp, line 615]
Event: 118.503 Thread 0x00000274681b7800 Exception <a 'sun/nio/fs/WindowsException'{0x000000071041bc68}> (0x000000071041bc68) thrown at [t:/workspace/open/src/hotspot/share/prims/jni.cpp, line 615]
Event: 118.503 Thread 0x00000274681b7800 Exception <a 'sun/nio/fs/WindowsException'{0x000000071041bf80}> (0x000000071041bf80) thrown at [t:/workspace/open/src/hotspot/share/prims/jni.cpp, line 615]

Events (10 events):
Event: 118.700 Thread 0x00000274681b7800 DEOPT PACKING pc=0x000002744cb7942c sp=0x000000919b8fdbe0
Event: 118.700 Thread 0x00000274681b7800 DEOPT UNPACKING pc=0x000002744c4ad6ce sp=0x000000919b8fd090 mode 1
Event: 118.700 loading class FPSmanager
Event: 118.700 loading class FPSmanager done
Event: 118.700 Thread 0x00000274681b7800 DEOPT PACKING pc=0x000002744cb7942c sp=0x000000919b8fd850
Event: 118.700 Thread 0x00000274681b7800 DEOPT UNPACKING pc=0x000002744c4ad6ce sp=0x000000919b8fcd00 mode 1
Event: 118.701 loading class Tick
Event: 118.701 loading class Tick done
Event: 118.701 Thread 0x00000274681b7800 DEOPT PACKING pc=0x000002744cb7942c sp=0x000000919b8fd7e0
Event: 118.701 Thread 0x00000274681b7800 DEOPT UNPACKING pc=0x000002744c4ad6ce sp=0x000000919b8fcc90 mode 1


Dynamic libraries:
0x00007ff6e2990000 - 0x00007ff6e29d5000 	C:\Program Files\BlueJ\jdk\bin\java.exe
0x00007ffc18930000 - 0x00007ffc18b26000 	C:\Windows\SYSTEM32\ntdll.dll
0x00007ffc172a0000 - 0x00007ffc1735d000 	C:\Windows\System32\KERNEL32.DLL
0x00007ffc16430000 - 0x00007ffc166f9000 	C:\Windows\System32\KERNELBASE.dll
0x00007ffc13950000 - 0x00007ffc139e0000 	C:\Windows\SYSTEM32\apphelp.dll
0x00007ffc180d0000 - 0x00007ffc18270000 	C:\Windows\System32\USER32.dll
0x00007ffc16180000 - 0x00007ffc161a2000 	C:\Windows\System32\win32u.dll
0x00007ffc18890000 - 0x00007ffc188ba000 	C:\Windows\System32\GDI32.dll
0x00007ffc16070000 - 0x00007ffc1617b000 	C:\Windows\System32\gdi32full.dll
0x00007ffc16790000 - 0x00007ffc1682d000 	C:\Windows\System32\msvcp_win.dll
0x00007ffc162e0000 - 0x00007ffc163e0000 	C:\Windows\System32\ucrtbase.dll
0x00007ffc0bb40000 - 0x00007ffc0bddb000 	C:\Windows\WinSxS\amd64_microsoft.windows.common-controls_6595b64144ccf1df_6.0.19041.746_none_ca02b4b61b8320a4\COMCTL32.dll
0x00007ffc184b0000 - 0x00007ffc1854e000 	C:\Windows\System32\msvcrt.dll
0x00007ffc188c0000 - 0x00007ffc188f0000 	C:\Windows\System32\IMM32.DLL
0x00007ffc01730000 - 0x00007ffc01746000 	C:\Program Files\BlueJ\jdk\bin\vcruntime140.dll
0x00007ffbd3c20000 - 0x00007ffbd3cca000 	C:\Program Files\BlueJ\jdk\bin\msvcp140.dll
0x00007ffbb4b40000 - 0x00007ffbb5663000 	C:\Program Files\BlueJ\jdk\bin\server\jvm.dll
0x00007ffc17870000 - 0x00007ffc1791c000 	C:\Windows\System32\ADVAPI32.dll
0x00007ffc17750000 - 0x00007ffc177ec000 	C:\Windows\System32\sechost.dll
0x00007ffc18760000 - 0x00007ffc1888b000 	C:\Windows\System32\RPCRT4.dll
0x00007ffc170c0000 - 0x00007ffc170c8000 	C:\Windows\System32\PSAPI.DLL
0x00007ffc03d20000 - 0x00007ffc03d29000 	C:\Windows\SYSTEM32\WSOCK32.dll
0x00007ffc0e370000 - 0x00007ffc0e397000 	C:\Windows\SYSTEM32\WINMM.dll
0x00007ffc17800000 - 0x00007ffc1786b000 	C:\Windows\System32\WS2_32.dll
0x00007ffc0fe10000 - 0x00007ffc0fe1a000 	C:\Windows\SYSTEM32\VERSION.dll
0x00007ffc13fe0000 - 0x00007ffc13ff2000 	C:\Windows\SYSTEM32\kernel.appcore.dll
0x00007ffbfeee0000 - 0x00007ffbfeef1000 	C:\Program Files\BlueJ\jdk\bin\verify.dll
0x00007ffbfcf00000 - 0x00007ffbfd0e4000 	C:\Windows\SYSTEM32\DBGHELP.DLL
0x00007ffbfced0000 - 0x00007ffbfcefc000 	C:\Windows\SYSTEM32\dbgcore.DLL
0x00007ffc16260000 - 0x00007ffc162e0000 	C:\Windows\System32\bcryptPrimitives.dll
0x00007ffbfe6f0000 - 0x00007ffbfe718000 	C:\Program Files\BlueJ\jdk\bin\java.dll
0x00007ffc01750000 - 0x00007ffc01787000 	C:\Program Files\BlueJ\jdk\bin\jdwp.dll
0x00007ffbfdc80000 - 0x00007ffbfdc96000 	C:\Program Files\BlueJ\jdk\bin\zip.dll
0x00007ffc03c60000 - 0x00007ffc03c6a000 	C:\Program Files\BlueJ\jdk\bin\jimage.dll
0x00007ffc17920000 - 0x00007ffc18062000 	C:\Windows\System32\SHELL32.dll
0x00007ffc141e0000 - 0x00007ffc14970000 	C:\Windows\SYSTEM32\windows.storage.dll
0x00007ffc173f0000 - 0x00007ffc17746000 	C:\Windows\System32\combase.dll
0x00007ffc15ad0000 - 0x00007ffc15afc000 	C:\Windows\SYSTEM32\Wldp.dll
0x00007ffc182d0000 - 0x00007ffc1837e000 	C:\Windows\System32\SHCORE.dll
0x00007ffc18070000 - 0x00007ffc180c5000 	C:\Windows\System32\shlwapi.dll
0x00007ffc15fa0000 - 0x00007ffc15fc6000 	C:\Windows\SYSTEM32\profapi.dll
0x00007ffc019c0000 - 0x00007ffc019cb000 	C:\Program Files\BlueJ\jdk\bin\dt_shmem.dll
0x00007ffbfd740000 - 0x00007ffbfd759000 	C:\Program Files\BlueJ\jdk\bin\net.dll
0x00007ffc0b8d0000 - 0x00007ffc0babe000 	C:\Windows\SYSTEM32\urlmon.dll
0x00007ffc10fa0000 - 0x00007ffc110a0000 	C:\Windows\SYSTEM32\WINHTTP.dll
0x00007ffc05ae0000 - 0x00007ffc05d90000 	C:\Windows\SYSTEM32\iertutil.dll
0x00007ffc15850000 - 0x00007ffc158ba000 	C:\Windows\system32\mswsock.dll
0x00007ffbfc6f0000 - 0x00007ffbfc703000 	C:\Program Files\BlueJ\jdk\bin\nio.dll
0x00007ffbc6110000 - 0x00007ffbc62ae000 	C:\Program Files\BlueJ\jdk\bin\awt.dll
0x00007ffc183e0000 - 0x00007ffc184ad000 	C:\Windows\System32\OLEAUT32.dll
0x00007ffc12890000 - 0x00007ffc12e50000 	C:\Windows\SYSTEM32\d2d1.dll
0x00007ffc13a80000 - 0x00007ffc13b1e000 	C:\Windows\system32\uxtheme.dll
0x00007ffc18550000 - 0x00007ffc18665000 	C:\Windows\System32\MSCTF.dll
0x00007ffc16990000 - 0x00007ffc16aba000 	C:\Windows\System32\ole32.dll
0x00007ffbd21e0000 - 0x00007ffbd2244000 	C:\Users\christophe\AppData\Local\Temp\lwjglchristophe\3.2.3-build-13\lwjgl.dll
0x00007ffbd2170000 - 0x00007ffbd21d2000 	C:\Users\CHRIST~1\AppData\Local\Temp\lwjglchristophe\3.2.3-build-13\glfw.dll
0x00007ffbd2120000 - 0x00007ffbd2165000 	C:\Windows\SYSTEM32\dinput8.dll
0x00007ffbec400000 - 0x00007ffbec411000 	C:\Windows\SYSTEM32\xinput1_4.dll
0x00007ffc163e0000 - 0x00007ffc1642e000 	C:\Windows\System32\cfgmgr32.dll
0x00007ffc15e10000 - 0x00007ffc15e3c000 	C:\Windows\SYSTEM32\DEVOBJ.dll
0x00007ffc13cf0000 - 0x00007ffc13d1f000 	C:\Windows\SYSTEM32\dwmapi.dll
0x00007ffc075d0000 - 0x00007ffc07722000 	C:\Windows\SYSTEM32\inputhost.dll
0x00007ffc13720000 - 0x00007ffc13812000 	C:\Windows\SYSTEM32\CoreMessaging.dll
0x00007ffc12060000 - 0x00007ffc121b4000 	C:\Windows\SYSTEM32\wintypes.dll
0x00007ffc117d0000 - 0x00007ffc118c7000 	C:\Windows\SYSTEM32\PROPSYS.dll
0x00007ffc13040000 - 0x00007ffc1339e000 	C:\Windows\SYSTEM32\CoreUIComponents.dll
0x00007ffc14db0000 - 0x00007ffc14de3000 	C:\Windows\SYSTEM32\ntmarta.dll
0x00007ffc14970000 - 0x00007ffc1497d000 	C:\Windows\SYSTEM32\HID.DLL
0x00007ffc16c50000 - 0x00007ffc170b7000 	C:\Windows\System32\SETUPAPI.DLL
0x00007ffc16700000 - 0x00007ffc16727000 	C:\Windows\System32\bcrypt.dll
0x00007ffc16730000 - 0x00007ffc16790000 	C:\Windows\System32\WINTRUST.dll
0x00007ffc16830000 - 0x00007ffc16986000 	C:\Windows\System32\CRYPT32.dll
0x00007ffc15c50000 - 0x00007ffc15c62000 	C:\Windows\SYSTEM32\MSASN1.dll
0x00007ffbb5ee0000 - 0x00007ffbb6005000 	C:\Windows\SYSTEM32\opengl32.dll
0x00007ffbfa410000 - 0x00007ffbfa43c000 	C:\Windows\SYSTEM32\GLU32.dll
0x00007ffc16ac0000 - 0x00007ffc16b69000 	C:\Windows\System32\clbcatq.dll
0x00007ffc10ea0000 - 0x00007ffc10f9b000 	C:\Windows\System32\AppXDeploymentClient.dll
0x00007ffb9d490000 - 0x00007ffb9fe29000 	C:\Windows\System32\DriverStore\FileRepository\nv_dispi.inf_amd64_feed726c6560f7a7\nvoglv64.dll
0x00007ffc11bb0000 - 0x00007ffc11bc4000 	C:\Windows\SYSTEM32\WTSAPI32.dll
0x00007ffc0e500000 - 0x00007ffc0e531000 	C:\Windows\SYSTEM32\cryptnet.dll
0x00007ffc15a40000 - 0x00007ffc15a4c000 	C:\Windows\SYSTEM32\cryptbase.dll
0x00007ffc0e560000 - 0x00007ffc0e59b000 	C:\Windows\SYSTEM32\dxcore.dll
0x00007ffbf42f0000 - 0x00007ffbf45a9000 	C:\Windows\system32\nvspcap64.dll
0x00007ffc15660000 - 0x00007ffc156ab000 	C:\Windows\SYSTEM32\powrprof.dll
0x00007ffc154d0000 - 0x00007ffc154e2000 	C:\Windows\SYSTEM32\UMPDC.dll
0x00007ffc14e20000 - 0x00007ffc14e7a000 	C:\Windows\SYSTEM32\WINSTA.dll
0x00007ffc07730000 - 0x00007ffc0782b000 	C:\Windows\SYSTEM32\textinputframework.dll
0x00007ffc05560000 - 0x00007ffc055c6000 	C:\Windows\system32\Oleacc.dll
0x00007ffbc8ec0000 - 0x00007ffbc8f19000 	C:\Users\christophe\AppData\Local\Temp\lwjglchristophe\3.2.3-build-13\lwjgl_opengl.dll

dbghelp: loaded successfully - version: 4.0.5 - missing functions: none
symbol engine: initialized successfully - sym options: 0x614 - pdb path: .;C:\Program Files\BlueJ\jdk\bin;C:\Windows\SYSTEM32;C:\Windows\WinSxS\amd64_microsoft.windows.common-controls_6595b64144ccf1df_6.0.19041.746_none_ca02b4b61b8320a4;C:\Program Files\BlueJ\jdk\bin\server;C:\Users\christophe\AppData\Local\Temp\lwjglchristophe\3.2.3-build-13;C:\Users\CHRIST~1\AppData\Local\Temp\lwjglchristophe\3.2.3-build-13;C:\Windows\System32\DriverStore\FileRepository\nv_dispi.inf_amd64_feed726c6560f7a7

VM Arguments:
jvm_args: -ea -agentlib:jdwp=transport=dt_shmem,address=javadebug -Dfile.encoding=UTF-8 
java_command: bluej.runtime.ExecServer UTF-8
java_class_path (initial): C:\Program Files\BlueJ\lib\bluejcore.jar;C:\Program Files\BlueJ\lib\junit-4.12.jar;C:\Program Files\BlueJ\lib\junit-jupiter-5.5.2.jar;C:\Program Files\BlueJ\lib\junit-jupiter-api-5.5.2.jar;C:\Program Files\BlueJ\lib\junit-jupiter-engine-5.5.2.jar;C:\Program Files\BlueJ\lib\junit-jupiter-migrationsupport-5.5.2.jar;C:\Program Files\BlueJ\lib\junit-jupiter-params-5.5.2.jar;C:\Program Files\BlueJ\lib\junit-platform-commons-1.5.2.jar;C:\Program Files\BlueJ\lib\junit-platform-console-1.5.2.jar;C:\Program Files\BlueJ\lib\junit-platform-console-standalone-1.5.2.jar;C:\Program Files\BlueJ\lib\junit-platform-engine-1.5.2.jar;C:\Program Files\BlueJ\lib\junit-platform-launcher-1.5.2.jar;C:\Program Files\BlueJ\lib\junit-platform-reporting-1.5.2.jar;C:\Program Files\BlueJ\lib\junit-platform-runner-1.5.2.jar;C:\Program Files\BlueJ\lib\junit-platform-suite-api-1.5.2.jar;C:\Program Files\BlueJ\lib\junit-platform-testkit-1.5.2.jar;C:\Program Files\BlueJ\lib\junit-quickcheck-core-0.9.jar;C:\Program Files\BlueJ\lib\junit-vintage-engine-5.5.2.jar;C:\Program Files\BlueJ\lib\hamcrest-core-1.3.jar;C:\Program Files\BlueJ\lib\hamcrest-library-1.3.jar;C:\Program Files\BlueJ\lib\lang-stride.jar;C:\Program Files\BlueJ\lib\javafx\lib\javafx.base.jar;C:\Program Files\BlueJ\lib\javafx\lib\javafx.controls.jar;C:\Program Files\BlueJ\lib\javafx\lib\javafx.fxml.jar;C:\Program Files\BlueJ\lib\javafx\lib\javafx.graphics.jar;C:\Program Files\BlueJ\lib\javafx\lib\javafx.media.jar;C:\Program Files\BlueJ\lib\javafx\lib\javafx.properties.jar;C:\Program Files\BlueJ\lib\javafx\lib\javafx.swing.jar;C:\Program Files\BlueJ\lib\javafx\lib\javafx.web.jar;C:\Program Files\BlueJ\lib\javafx\lib\javafx.base.jar;C:\Program Files\BlueJ\lib\javafx\lib\javafx.controls.jar;C:\Program Files\BlueJ\lib\javafx\lib\javafx.fxml.jar;C:\Program Files\BlueJ\lib\javafx\lib\javafx.graphics.jar;C:\Program Files\BlueJ\lib\javafx\lib\javafx.media.jar;C:\Program Files\BlueJ\lib\javafx\lib\javafx.properties.jar
Launcher Type: SUN_STANDARD

[Global flags]
     intx CICompilerCount                          = 3                                         {product} {ergonomic}
     uint ConcGCThreads                            = 1                                         {product} {ergonomic}
     uint G1ConcRefinementThreads                  = 4                                         {product} {ergonomic}
   size_t G1HeapRegionSize                         = 1048576                                   {product} {ergonomic}
    uintx GCDrainStackTargetSize                   = 64                                        {product} {ergonomic}
   size_t InitialHeapSize                          = 268435456                                 {product} {ergonomic}
   size_t MarkStackSize                            = 4194304                                   {product} {ergonomic}
   size_t MaxHeapSize                              = 4278190080                                {product} {ergonomic}
   size_t MaxNewSize                               = 2566914048                                {product} {ergonomic}
   size_t MinHeapDeltaBytes                        = 1048576                                   {product} {ergonomic}
    uintx NonNMethodCodeHeapSize                   = 5830092                                {pd product} {ergonomic}
    uintx NonProfiledCodeHeapSize                  = 122914074                              {pd product} {ergonomic}
    uintx ProfiledCodeHeapSize                     = 122914074                              {pd product} {ergonomic}
    uintx ReservedCodeCacheSize                    = 251658240                              {pd product} {ergonomic}
     bool SegmentedCodeCache                       = true                                      {product} {ergonomic}
     bool UseCompressedClassPointers               = true                                 {lp64_product} {ergonomic}
     bool UseCompressedOops                        = true                                 {lp64_product} {ergonomic}
     bool UseG1GC                                  = true                                      {product} {ergonomic}
     bool UseLargePagesIndividualAllocation        = false                                  {pd product} {ergonomic}

Logging:
Log output configuration:
 #0: stdout all=warning uptime,level,tags
 #1: stderr all=off uptime,level,tags

Environment Variables:
PATH=C:\Program Files (x86)\Razer Chroma SDK\bin;C:\Program Files\Razer Chroma SDK\bin;C:\Program Files (x86)\Razer\ChromaBroadcast\bin;C:\Program Files\Razer\ChromaBroadcast\bin;C:\Program Files\Oculus\Support\oculus-runtime;C:\Program Files (x86)\Common Files\Intel\Shared Libraries\redist\intel64\compiler;C:\Program Files\AdoptOpenJDK\jre-11.0.8.10-hotspot\bin;C:\Windows\system32;C:\Windows;C:\Windows\System32\Wbem;C:\Windows\System32\WindowsPowerShell\v1.0\;C:\Windows\System32\OpenSSH\;C:\Program Files\PuTTY\;C:\Program Files\Microsoft VS Code\bin;C:\Program Files (x86)\NVIDIA Corporation\PhysX\Common;C:\Program Files\NVIDIA Corporation\NVIDIA NvDLISR;C:\Windows\system32\config\systemprofile\AppData\Local\Microsoft\WindowsApps;C:\Users\christophe\AppData\Local\Microsoft\WindowsApps
USERNAME=christophe
OS=Windows_NT
PROCESSOR_IDENTIFIER=Intel64 Family 6 Model 94 Stepping 3, GenuineIntel



---------------  S Y S T E M  ---------------

OS: Windows 10 , 64 bit Build 19041 (10.0.19041.804)

CPU:total 4 (initial active 4) (4 cores per cpu, 1 threads per core) family 6 model 94 stepping 3, cmov, cx8, fxsr, mmx, sse, sse2, sse3, ssse3, sse4.1, sse4.2, popcnt, avx, avx2, aes, clmul, erms, rtm, 3dnowpref, lzcnt, tsc, tscinvbit, bmi1, bmi2, adx, fma

Memory: 4k page, system-wide physical 16314M (7905M free)
TotalPageFile size 24506M (AvailPageFile size 10464M)
current process WorkingSet (physical memory assigned to process): 109M, peak: 109M
current process commit charge ("private bytes"): 381M, peak: 381M

vm_info: OpenJDK 64-Bit Server VM (11.0.2+9) for windows-amd64 JRE (11.0.2+9), built on Jan 18 2019 05:23:22 by "mach5one" with MS VC++ 15.5 (VS2017)

END.
